{"meta": {"format": 3, "version": "7.13.4", "timestamp": "2026-03-10T11:44:17.067039", "branch_coverage": false, "show_contexts": false}, "files": {"llm_detector/__init__.py": {"executed_lines": [21, 24, 25, 26, 27, 28, 31, 36, 51, 55, 56, 57], "summary": {"covered_lines": 12, "num_statements": 12, "percent_covered": 100.0, "percent_covered_display": "100", "missing_lines": 0, "excluded_lines": 0, "percent_statements_covered": 100.0, "percent_statements_covered_display": "100"}, "missing_lines": [], "excluded_lines": [], "functions": {"": {"executed_lines": [21, 24, 25, 26, 27, 28, 31, 36, 51, 55, 56, 57], "summary": {"covered_lines": 12, "num_statements": 12, "percent_covered": 100.0, "percent_covered_display": "100", "missing_lines": 0, "excluded_lines": 0, "percent_statements_covered": 100.0, "percent_statements_covered_display": "100"}, "missing_lines": [], "excluded_lines": [], "start_line": 1}}, "classes": {"": {"executed_lines": [21, 24, 25, 26, 27, 28, 31, 36, 51, 55, 56, 57], "summary": {"covered_lines": 12, "num_statements": 12, "percent_covered": 100.0, "percent_covered_display": "100", "missing_lines": 0, "excluded_lines": 0, "percent_statements_covered": 100.0, "percent_statements_covered_display": "100"}, "missing_lines": [], "excluded_lines": [], "start_line": 1}}}, "llm_detector/__main__.py": {"executed_lines": [], "summary": {"covered_lines": 0, "num_statements": 2, "percent_covered": 0.0, "percent_covered_display": "0", "missing_lines": 2, "excluded_lines": 0, "percent_statements_covered": 0.0, "percent_statements_covered_display": "0"}, "missing_lines": [2, 4], "excluded_lines": [], "functions": {"": {"executed_lines": [], "summary": {"covered_lines": 0, "num_statements": 2, "percent_covered": 0.0, "percent_covered_display": "0", "missing_lines": 2, "excluded_lines": 0, "percent_statements_covered": 0.0, "percent_statements_covered_display": "0"}, "missing_lines": [2, 4], "excluded_lines": [], "start_line": 1}}, "classes": {"": {"executed_lines": [], "summary": {"covered_lines": 0, "num_statements": 2, "percent_covered": 0.0, "percent_covered_display": "0", "missing_lines": 2, "excluded_lines": 0, "percent_statements_covered": 0.0, "percent_statements_covered_display": "0"}, "missing_lines": [2, 4], "excluded_lines": [], "start_line": 1}}}, "llm_detector/analyzers/__init__.py": {"executed_lines": [3, 4, 5, 6, 7, 8, 9, 10, 11, 12, 13, 14], "summary": {"covered_lines": 12, "num_statements": 12, "percent_covered": 100.0, "percent_covered_display": "100", "missing_lines": 0, "excluded_lines": 0, "percent_statements_covered": 100.0, "percent_statements_covered_display": "100"}, "missing_lines": [], "excluded_lines": [], "functions": {"": {"executed_lines": [3, 4, 5, 6, 7, 8, 9, 10, 11, 12, 13, 14], "summary": {"covered_lines": 12, "num_statements": 12, "percent_covered": 100.0, "percent_covered_display": "100", "missing_lines": 0, "excluded_lines": 0, "percent_statements_covered": 100.0, "percent_statements_covered_display": "100"}, "missing_lines": [], "excluded_lines": [], "start_line": 1}}, "classes": {"": {"executed_lines": [3, 4, 5, 6, 7, 8, 9, 10, 11, 12, 13, 14], "summary": {"covered_lines": 12, "num_statements": 12, "percent_covered": 100.0, "percent_covered_display": "100", "missing_lines": 0, "excluded_lines": 0, "percent_statements_covered": 100.0, "percent_statements_covered_display": "100"}, "missing_lines": [], "excluded_lines": [], "start_line": 1}}}, "llm_detector/analyzers/continuation_api.py": {"executed_lines": [8, 9, 10, 11, 12, 15, 17, 20, 22, 23, 24, 25, 26, 29, 30, 31, 32, 33, 36, 37, 40, 57, 78, 84, 85, 86, 87, 88, 89, 90, 91, 92, 93, 96, 105, 106, 107, 108, 109, 112, 125, 126, 128, 129, 130, 131, 132, 133, 134, 136, 137, 138, 139, 140, 141, 142, 143, 144, 145, 148, 149, 150, 152, 153, 154, 155, 156, 157, 160, 161, 162, 165, 195, 198, 226, 295, 328, 382, 453], "summary": {"covered_lines": 79, "num_statements": 269, "percent_covered": 29.36802973977695, "percent_covered_display": "29", "missing_lines": 190, "excluded_lines": 0, "percent_statements_covered": 29.36802973977695, "percent_statements_covered_display": "29"}, "missing_lines": [27, 28, 35, 42, 43, 44, 45, 46, 47, 48, 49, 50, 52, 53, 54, 59, 60, 61, 62, 64, 65, 66, 68, 69, 70, 72, 73, 168, 169, 170, 171, 172, 173, 174, 175, 176, 183, 184, 188, 190, 191, 192, 201, 202, 203, 204, 205, 206, 208, 209, 219, 221, 222, 223, 229, 231, 232, 236, 237, 241, 242, 243, 247, 248, 250, 251, 253, 254, 255, 257, 258, 261, 262, 263, 267, 268, 269, 270, 271, 272, 273, 274, 276, 277, 281, 282, 284, 286, 305, 306, 312, 313, 314, 315, 317, 318, 320, 322, 336, 337, 338, 340, 341, 342, 343, 344, 346, 347, 348, 349, 351, 352, 353, 354, 355, 356, 363, 364, 365, 369, 379, 390, 391, 392, 393, 394, 395, 399, 400, 401, 402, 403, 405, 406, 407, 408, 409, 411, 412, 413, 414, 415, 416, 417, 418, 420, 421, 423, 424, 426, 428, 436, 437, 440, 442, 446, 448, 450, 473, 474, 475, 476, 478, 479, 482, 487, 488, 490, 491, 494, 495, 496, 498, 499, 502, 503, 504, 505, 506, 507, 512, 513, 514, 517, 518, 519, 520, 521, 522, 525], "excluded_lines": [], "functions": {"_dna_ngrams": {"executed_lines": [17], "summary": {"covered_lines": 1, "num_statements": 1, "percent_covered": 100.0, "percent_covered_display": "100", "missing_lines": 0, "excluded_lines": 0, "percent_statements_covered": 100.0, "percent_statements_covered_display": "100"}, "missing_lines": [], "excluded_lines": [], "start_line": 15}, "_dna_bscore": {"executed_lines": [22, 23, 24, 25, 26, 29, 30, 31, 32, 33, 36, 37], "summary": {"covered_lines": 12, "num_statements": 15, "percent_covered": 80.0, "percent_covered_display": "80", "missing_lines": 3, "excluded_lines": 0, "percent_statements_covered": 80.0, "percent_statements_covered_display": "80"}, "missing_lines": [27, 28, 35], "excluded_lines": [], "start_line": 20}, "_dna_bscore_determination": {"executed_lines": [], "summary": {"covered_lines": 0, "num_statements": 12, "percent_covered": 0.0, "percent_covered_display": "0", "missing_lines": 12, "excluded_lines": 0, "percent_statements_covered": 0.0, "percent_statements_covered_display": "0"}, "missing_lines": [42, 43, 44, 45, 46, 47, 48, 49, 50, 52, 53, 54], "excluded_lines": [], "start_line": 40}, "_merge_multi_bscore_stability": {"executed_lines": [], "summary": {"covered_lines": 0, "num_statements": 12, "percent_covered": 0.0, "percent_covered_display": "0", "missing_lines": 12, "excluded_lines": 0, "percent_statements_covered": 0.0, "percent_statements_covered_display": "0"}, "missing_lines": [59, 60, 61, 62, 64, 65, 66, 68, 69, 70, 72, 73], "excluded_lines": [], "start_line": 57}, "_detect_text_format": {"executed_lines": [84, 85, 86, 87, 88, 89, 90, 91, 92, 93], "summary": {"covered_lines": 10, "num_statements": 10, "percent_covered": 100.0, "percent_covered_display": "100", "missing_lines": 0, "excluded_lines": 0, "percent_statements_covered": 100.0, "percent_statements_covered_display": "100"}, "missing_lines": [], "excluded_lines": [], "start_line": 78}, "_format_hint_str": {"executed_lines": [105, 106, 107, 108, 109], "summary": {"covered_lines": 5, "num_statements": 5, "percent_covered": 100.0, "percent_covered_display": "100", "missing_lines": 0, "excluded_lines": 0, "percent_statements_covered": 100.0, "percent_statements_covered_display": "100"}, "missing_lines": [], "excluded_lines": [], "start_line": 96}, "_dna_truncate_text": {"executed_lines": [125, 126, 128, 129, 130, 131, 132, 133, 134, 136, 137, 138, 139, 140, 141, 142, 143, 144, 145, 148, 149, 150, 152, 153, 154, 155, 156, 157, 160, 161, 162], "summary": {"covered_lines": 31, "num_statements": 31, "percent_covered": 100.0, "percent_covered_display": "100", "missing_lines": 0, "excluded_lines": 0, "percent_statements_covered": 100.0, "percent_statements_covered_display": "100"}, "missing_lines": [], "excluded_lines": [], "start_line": 112}, "_dna_call_anthropic": {"executed_lines": [], "summary": {"covered_lines": 0, "num_statements": 13, "percent_covered": 0.0, "percent_covered_display": "0", "missing_lines": 13, "excluded_lines": 0, "percent_statements_covered": 0.0, "percent_statements_covered_display": "0"}, "missing_lines": [168, 169, 170, 171, 172, 173, 174, 175, 176, 183, 190, 191, 192], "excluded_lines": [], "start_line": 165}, "_dna_call_anthropic._call": {"executed_lines": [], "summary": {"covered_lines": 0, "num_statements": 2, "percent_covered": 0.0, "percent_covered_display": "0", "missing_lines": 2, "excluded_lines": 0, "percent_statements_covered": 0.0, "percent_statements_covered_display": "0"}, "missing_lines": [184, 188], "excluded_lines": [], "start_line": 183}, "_dna_call_openai": {"executed_lines": [], "summary": {"covered_lines": 0, "num_statements": 10, "percent_covered": 0.0, "percent_covered_display": "0", "missing_lines": 10, "excluded_lines": 0, "percent_statements_covered": 0.0, "percent_statements_covered_display": "0"}, "missing_lines": [201, 202, 203, 204, 205, 206, 208, 221, 222, 223], "excluded_lines": [], "start_line": 198}, "_dna_call_openai._call": {"executed_lines": [], "summary": {"covered_lines": 0, "num_statements": 2, "percent_covered": 0.0, "percent_covered_display": "0", "missing_lines": 2, "excluded_lines": 0, "percent_statements_covered": 0.0, "percent_statements_covered_display": "0"}, "missing_lines": [209, 219], "excluded_lines": [], "start_line": 208}, "run_continuation_api": {"executed_lines": [], "summary": {"covered_lines": 0, "num_statements": 34, "percent_covered": 0.0, "percent_covered_display": "0", "missing_lines": 34, "excluded_lines": 0, "percent_statements_covered": 0.0, "percent_statements_covered_display": "0"}, "missing_lines": [229, 231, 232, 236, 237, 241, 242, 243, 247, 248, 250, 251, 253, 254, 255, 257, 258, 261, 262, 263, 267, 268, 269, 270, 271, 272, 273, 274, 276, 277, 281, 282, 284, 286], "excluded_lines": [], "start_line": 226}, "run_continuation_api_multi": {"executed_lines": [], "summary": {"covered_lines": 0, "num_statements": 9, "percent_covered": 0.0, "percent_covered_display": "0", "missing_lines": 9, "excluded_lines": 0, "percent_statements_covered": 0.0, "percent_statements_covered_display": "0"}, "missing_lines": [305, 312, 313, 314, 315, 317, 318, 320, 322], "excluded_lines": [], "start_line": 295}, "run_continuation_api_multi._run_ratio": {"executed_lines": [], "summary": {"covered_lines": 0, "num_statements": 1, "percent_covered": 0.0, "percent_covered_display": "0", "missing_lines": 1, "excluded_lines": 0, "percent_statements_covered": 0.0, "percent_statements_covered_display": "0"}, "missing_lines": [306], "excluded_lines": [], "start_line": 305}, "_prepare_batch_requests": {"executed_lines": [], "summary": {"covered_lines": 0, "num_statements": 23, "percent_covered": 0.0, "percent_covered_display": "0", "missing_lines": 23, "excluded_lines": 0, "percent_statements_covered": 0.0, "percent_statements_covered_display": "0"}, "missing_lines": [336, 337, 338, 340, 341, 342, 343, 344, 346, 347, 348, 349, 351, 352, 353, 354, 355, 356, 363, 364, 365, 369, 379], "excluded_lines": [], "start_line": 328}, "_score_batch_results": {"executed_lines": [], "summary": {"covered_lines": 0, "num_statements": 37, "percent_covered": 0.0, "percent_covered_display": "0", "missing_lines": 37, "excluded_lines": 0, "percent_statements_covered": 0.0, "percent_statements_covered_display": "0"}, "missing_lines": [390, 391, 392, 393, 394, 395, 399, 400, 401, 402, 403, 405, 406, 407, 408, 409, 411, 412, 413, 414, 415, 416, 417, 418, 420, 421, 423, 424, 426, 428, 436, 437, 440, 442, 446, 448, 450], "excluded_lines": [], "start_line": 382}, "run_continuation_batch": {"executed_lines": [], "summary": {"covered_lines": 0, "num_statements": 32, "percent_covered": 0.0, "percent_covered_display": "0", "missing_lines": 32, "excluded_lines": 0, "percent_statements_covered": 0.0, "percent_statements_covered_display": "0"}, "missing_lines": [473, 474, 475, 476, 478, 479, 482, 487, 488, 490, 491, 494, 495, 496, 498, 499, 502, 503, 504, 505, 506, 507, 512, 513, 514, 517, 518, 519, 520, 521, 522, 525], "excluded_lines": [], "start_line": 453}, "": {"executed_lines": [8, 9, 10, 11, 12, 15, 20, 40, 57, 78, 96, 112, 165, 195, 198, 226, 295, 328, 382, 453], "summary": {"covered_lines": 20, "num_statements": 20, "percent_covered": 100.0, "percent_covered_display": "100", "missing_lines": 0, "excluded_lines": 0, "percent_statements_covered": 100.0, "percent_statements_covered_display": "100"}, "missing_lines": [], "excluded_lines": [], "start_line": 1}}, "classes": {"": {"executed_lines": [8, 9, 10, 11, 12, 15, 17, 20, 22, 23, 24, 25, 26, 29, 30, 31, 32, 33, 36, 37, 40, 57, 78, 84, 85, 86, 87, 88, 89, 90, 91, 92, 93, 96, 105, 106, 107, 108, 109, 112, 125, 126, 128, 129, 130, 131, 132, 133, 134, 136, 137, 138, 139, 140, 141, 142, 143, 144, 145, 148, 149, 150, 152, 153, 154, 155, 156, 157, 160, 161, 162, 165, 195, 198, 226, 295, 328, 382, 453], "summary": {"covered_lines": 79, "num_statements": 269, "percent_covered": 29.36802973977695, "percent_covered_display": "29", "missing_lines": 190, "excluded_lines": 0, "percent_statements_covered": 29.36802973977695, "percent_statements_covered_display": "29"}, "missing_lines": [27, 28, 35, 42, 43, 44, 45, 46, 47, 48, 49, 50, 52, 53, 54, 59, 60, 61, 62, 64, 65, 66, 68, 69, 70, 72, 73, 168, 169, 170, 171, 172, 173, 174, 175, 176, 183, 184, 188, 190, 191, 192, 201, 202, 203, 204, 205, 206, 208, 209, 219, 221, 222, 223, 229, 231, 232, 236, 237, 241, 242, 243, 247, 248, 250, 251, 253, 254, 255, 257, 258, 261, 262, 263, 267, 268, 269, 270, 271, 272, 273, 274, 276, 277, 281, 282, 284, 286, 305, 306, 312, 313, 314, 315, 317, 318, 320, 322, 336, 337, 338, 340, 341, 342, 343, 344, 346, 347, 348, 349, 351, 352, 353, 354, 355, 356, 363, 364, 365, 369, 379, 390, 391, 392, 393, 394, 395, 399, 400, 401, 402, 403, 405, 406, 407, 408, 409, 411, 412, 413, 414, 415, 416, 417, 418, 420, 421, 423, 424, 426, 428, 436, 437, 440, 442, 446, 448, 450, 473, 474, 475, 476, 478, 479, 482, 487, 488, 490, 491, 494, 495, 496, 498, 499, 502, 503, 504, 505, 506, 507, 512, 513, 514, 517, 518, 519, 520, 521, 522, 525], "excluded_lines": [], "start_line": 1}}}, "llm_detector/analyzers/continuation_local.py": {"executed_lines": [8, 9, 10, 11, 12, 14, 15, 17, 20, 22, 25, 28, 29, 30, 31, 32, 34, 36, 37, 38, 39, 40, 41, 42, 43, 45, 47, 48, 49, 50, 51, 52, 55, 57, 58, 59, 60, 61, 62, 63, 64, 65, 66, 69, 71, 72, 73, 74, 75, 77, 79, 80, 81, 82, 83, 84, 85, 86, 87, 90, 92, 93, 94, 96, 97, 98, 100, 101, 103, 106, 108, 111, 112, 114, 115, 116, 117, 119, 120, 121, 122, 124, 127, 129, 130, 132, 133, 136, 138, 139, 140, 141, 142, 143, 146, 151, 152, 153, 155, 156, 158, 159, 160, 161, 163, 164, 165, 167, 168, 169, 170, 174, 180, 185, 186, 187, 189, 190, 191, 192, 193, 194, 196, 197, 198, 199, 200, 202, 205, 213, 215, 217, 218, 225, 226, 227, 229, 237, 238, 240, 241, 242, 243, 244, 245, 246, 248, 249, 251, 252, 254, 255, 256, 257, 258, 261, 262, 264, 275, 276, 277, 278, 281, 282, 283, 284, 285, 288, 289, 290, 292, 301, 302, 304, 306, 307, 308, 309, 312, 313, 314, 315, 317, 318, 319, 320, 328, 343, 350, 351, 353, 354, 355, 356, 357, 358, 360, 363, 364, 365, 366, 372, 373, 374, 377, 381], "summary": {"covered_lines": 206, "num_statements": 225, "percent_covered": 91.55555555555556, "percent_covered_display": "92", "missing_lines": 19, "excluded_lines": 0, "percent_statements_covered": 91.55555555555556, "percent_statements_covered_display": "92"}, "missing_lines": [53, 67, 102, 109, 118, 131, 162, 172, 203, 230, 323, 324, 325, 361, 368, 369, 370, 378, 379], "excluded_lines": [], "functions": {"_proxy_tokenize": {"executed_lines": [22], "summary": {"covered_lines": 1, "num_statements": 1, "percent_covered": 100.0, "percent_covered_display": "100", "missing_lines": 0, "excluded_lines": 0, "percent_statements_covered": 100.0, "percent_statements_covered_display": "100"}, "missing_lines": [], "excluded_lines": [], "start_line": 20}, "_BackoffNGramLM.__init__": {"executed_lines": [29, 30, 31, 32], "summary": {"covered_lines": 4, "num_statements": 4, "percent_covered": 100.0, "percent_covered_display": "100", "missing_lines": 0, "excluded_lines": 0, "percent_statements_covered": 100.0, "percent_statements_covered_display": "100"}, "missing_lines": [], "excluded_lines": [], "start_line": 28}, "_BackoffNGramLM.fit": {"executed_lines": [36, 37, 38, 39, 40, 41, 42, 43], "summary": {"covered_lines": 8, "num_statements": 8, "percent_covered": 100.0, "percent_covered_display": "100", "missing_lines": 0, "excluded_lines": 0, "percent_statements_covered": 100.0, "percent_statements_covered_display": "100"}, "missing_lines": [], "excluded_lines": [], "start_line": 34}, "_BackoffNGramLM._counts": {"executed_lines": [47, 48, 49, 50, 51, 52], "summary": {"covered_lines": 6, "num_statements": 7, "percent_covered": 85.71428571428571, "percent_covered_display": "86", "missing_lines": 1, "excluded_lines": 0, "percent_statements_covered": 85.71428571428571, "percent_statements_covered_display": "86"}, "missing_lines": [53], "excluded_lines": [], "start_line": 45}, "_BackoffNGramLM.sample_next": {"executed_lines": [57, 58, 59, 60, 61, 62, 63, 64, 65, 66], "summary": {"covered_lines": 10, "num_statements": 11, "percent_covered": 90.9090909090909, "percent_covered_display": "91", "missing_lines": 1, "excluded_lines": 0, "percent_statements_covered": 90.9090909090909, "percent_statements_covered_display": "91"}, "missing_lines": [67], "excluded_lines": [], "start_line": 55}, "_BackoffNGramLM.logprob": {"executed_lines": [71, 72, 73, 74, 75], "summary": {"covered_lines": 5, "num_statements": 5, "percent_covered": 100.0, "percent_covered_display": "100", "missing_lines": 0, "excluded_lines": 0, "percent_statements_covered": 100.0, "percent_statements_covered_display": "100"}, "missing_lines": [], "excluded_lines": [], "start_line": 69}, "_BackoffNGramLM.sample_suffix": {"executed_lines": [79, 80, 81, 82, 83, 84, 85, 86, 87], "summary": {"covered_lines": 9, "num_statements": 9, "percent_covered": 100.0, "percent_covered_display": "100", "missing_lines": 0, "excluded_lines": 0, "percent_statements_covered": 100.0, "percent_statements_covered_display": "100"}, "missing_lines": [], "excluded_lines": [], "start_line": 77}, "_calculate_ncd": {"executed_lines": [92, 93, 94, 96, 97, 98, 100, 101, 103], "summary": {"covered_lines": 9, "num_statements": 10, "percent_covered": 90.0, "percent_covered_display": "90", "missing_lines": 1, "excluded_lines": 0, "percent_statements_covered": 90.0, "percent_statements_covered_display": "90"}, "missing_lines": [102], "excluded_lines": [], "start_line": 90}, "_internal_ngram_overlap": {"executed_lines": [108, 111, 112, 114, 115, 116, 117, 119, 120, 121, 122, 124], "summary": {"covered_lines": 12, "num_statements": 14, "percent_covered": 85.71428571428571, "percent_covered_display": "86", "missing_lines": 2, "excluded_lines": 0, "percent_statements_covered": 85.71428571428571, "percent_statements_covered_display": "86"}, "missing_lines": [109, 118], "excluded_lines": [], "start_line": 106}, "_repeated_ngram_rate": {"executed_lines": [129, 130, 132, 133], "summary": {"covered_lines": 4, "num_statements": 5, "percent_covered": 80.0, "percent_covered_display": "80", "missing_lines": 1, "excluded_lines": 0, "percent_statements_covered": 80.0, "percent_statements_covered_display": "80"}, "missing_lines": [131], "excluded_lines": [], "start_line": 127}, "_conditional_surprisal": {"executed_lines": [138, 139, 140, 141, 142, 143], "summary": {"covered_lines": 6, "num_statements": 6, "percent_covered": 100.0, "percent_covered_display": "100", "missing_lines": 0, "excluded_lines": 0, "percent_statements_covered": 100.0, "percent_statements_covered_display": "100"}, "missing_lines": [], "excluded_lines": [], "start_line": 136}, "_surprisal_improvement_curve": {"executed_lines": [151, 152, 153, 155, 156, 158, 159, 160, 161, 163, 164, 165, 167, 168, 169, 170, 174], "summary": {"covered_lines": 17, "num_statements": 19, "percent_covered": 89.47368421052632, "percent_covered_display": "89", "missing_lines": 2, "excluded_lines": 0, "percent_statements_covered": 89.47368421052632, "percent_statements_covered_display": "89"}, "missing_lines": [162, 172], "excluded_lines": [], "start_line": 146}, "_multi_segment_ncd": {"executed_lines": [185, 186, 187, 189, 190, 191, 192, 193, 194, 196, 197, 198, 199, 200, 202, 205], "summary": {"covered_lines": 16, "num_statements": 17, "percent_covered": 94.11764705882354, "percent_covered_display": "94", "missing_lines": 1, "excluded_lines": 0, "percent_statements_covered": 94.11764705882354, "percent_statements_covered_display": "94"}, "missing_lines": [203], "excluded_lines": [], "start_line": 180}, "run_continuation_local": {"executed_lines": [215, 217, 218, 225, 226, 227, 229, 237, 238, 240, 241, 242, 243, 244, 245, 246, 248, 249, 251, 252, 254, 255, 256, 257, 258, 261, 262, 264, 275, 276, 277, 278, 281, 282, 283, 284, 285, 288, 289, 290, 292, 301, 302, 304, 306, 307, 308, 309, 312, 313, 314, 315, 317, 318, 319, 320, 328], "summary": {"covered_lines": 57, "num_statements": 61, "percent_covered": 93.44262295081967, "percent_covered_display": "93", "missing_lines": 4, "excluded_lines": 0, "percent_statements_covered": 93.44262295081967, "percent_statements_covered_display": "93"}, "missing_lines": [230, 323, 324, 325], "excluded_lines": [], "start_line": 213}, "run_continuation_local_multi": {"executed_lines": [350, 351, 353, 354, 355, 356, 357, 358, 360, 363, 364, 365, 366, 372, 373, 374, 377, 381], "summary": {"covered_lines": 18, "num_statements": 24, "percent_covered": 75.0, "percent_covered_display": "75", "missing_lines": 6, "excluded_lines": 0, "percent_statements_covered": 75.0, "percent_statements_covered_display": "75"}, "missing_lines": [361, 368, 369, 370, 378, 379], "excluded_lines": [], "start_line": 343}, "": {"executed_lines": [8, 9, 10, 11, 12, 14, 15, 17, 20, 25, 28, 34, 45, 55, 69, 77, 90, 106, 127, 136, 146, 180, 213, 343], "summary": {"covered_lines": 24, "num_statements": 24, "percent_covered": 100.0, "percent_covered_display": "100", "missing_lines": 0, "excluded_lines": 0, "percent_statements_covered": 100.0, "percent_statements_covered_display": "100"}, "missing_lines": [], "excluded_lines": [], "start_line": 1}}, "classes": {"_BackoffNGramLM": {"executed_lines": [29, 30, 31, 32, 36, 37, 38, 39, 40, 41, 42, 43, 47, 48, 49, 50, 51, 52, 57, 58, 59, 60, 61, 62, 63, 64, 65, 66, 71, 72, 73, 74, 75, 79, 80, 81, 82, 83, 84, 85, 86, 87], "summary": {"covered_lines": 42, "num_statements": 44, "percent_covered": 95.45454545454545, "percent_covered_display": "95", "missing_lines": 2, "excluded_lines": 0, "percent_statements_covered": 95.45454545454545, "percent_statements_covered_display": "95"}, "missing_lines": [53, 67], "excluded_lines": [], "start_line": 25}, "": {"executed_lines": [8, 9, 10, 11, 12, 14, 15, 17, 20, 22, 25, 28, 34, 45, 55, 69, 77, 90, 92, 93, 94, 96, 97, 98, 100, 101, 103, 106, 108, 111, 112, 114, 115, 116, 117, 119, 120, 121, 122, 124, 127, 129, 130, 132, 133, 136, 138, 139, 140, 141, 142, 143, 146, 151, 152, 153, 155, 156, 158, 159, 160, 161, 163, 164, 165, 167, 168, 169, 170, 174, 180, 185, 186, 187, 189, 190, 191, 192, 193, 194, 196, 197, 198, 199, 200, 202, 205, 213, 215, 217, 218, 225, 226, 227, 229, 237, 238, 240, 241, 242, 243, 244, 245, 246, 248, 249, 251, 252, 254, 255, 256, 257, 258, 261, 262, 264, 275, 276, 277, 278, 281, 282, 283, 284, 285, 288, 289, 290, 292, 301, 302, 304, 306, 307, 308, 309, 312, 313, 314, 315, 317, 318, 319, 320, 328, 343, 350, 351, 353, 354, 355, 356, 357, 358, 360, 363, 364, 365, 366, 372, 373, 374, 377, 381], "summary": {"covered_lines": 164, "num_statements": 181, "percent_covered": 90.60773480662984, "percent_covered_display": "91", "missing_lines": 17, "excluded_lines": 0, "percent_statements_covered": 90.60773480662984, "percent_statements_covered_display": "91"}, "missing_lines": [102, 109, 118, 131, 162, 172, 203, 230, 323, 324, 325, 361, 368, 369, 370, 378, 379], "excluded_lines": [], "start_line": 1}}}, "llm_detector/analyzers/fingerprint.py": {"executed_lines": [3, 5, 16, 22, 24, 25, 26, 27, 28, 29, 32, 37, 38, 39, 40], "summary": {"covered_lines": 15, "num_statements": 15, "percent_covered": 100.0, "percent_covered_display": "100", "missing_lines": 0, "excluded_lines": 0, "percent_statements_covered": 100.0, "percent_statements_covered_display": "100"}, "missing_lines": [], "excluded_lines": [], "functions": {"run_fingerprint": {"executed_lines": [24, 25, 26, 27, 28, 29], "summary": {"covered_lines": 6, "num_statements": 6, "percent_covered": 100.0, "percent_covered_display": "100", "missing_lines": 0, "excluded_lines": 0, "percent_statements_covered": 100.0, "percent_statements_covered_display": "100"}, "missing_lines": [], "excluded_lines": [], "start_line": 22}, "run_fingerprint_spans": {"executed_lines": [37, 38, 39, 40], "summary": {"covered_lines": 4, "num_statements": 4, "percent_covered": 100.0, "percent_covered_display": "100", "missing_lines": 0, "excluded_lines": 0, "percent_statements_covered": 100.0, "percent_statements_covered_display": "100"}, "missing_lines": [], "excluded_lines": [], "start_line": 32}, "": {"executed_lines": [3, 5, 16, 22, 32], "summary": {"covered_lines": 5, "num_statements": 5, "percent_covered": 100.0, "percent_covered_display": "100", "missing_lines": 0, "excluded_lines": 0, "percent_statements_covered": 100.0, "percent_statements_covered_display": "100"}, "missing_lines": [], "excluded_lines": [], "start_line": 1}}, "classes": {"": {"executed_lines": [3, 5, 16, 22, 24, 25, 26, 27, 28, 29, 32, 37, 38, 39, 40], "summary": {"covered_lines": 15, "num_statements": 15, "percent_covered": 100.0, "percent_covered_display": "100", "missing_lines": 0, "excluded_lines": 0, "percent_statements_covered": 100.0, "percent_statements_covered_display": "100"}, "missing_lines": [], "excluded_lines": [], "start_line": 1}}}, "llm_detector/analyzers/instruction_density.py": {"executed_lines": [3, 6, 8, 9, 10, 12, 13, 15, 16, 18, 19, 20, 22, 25], "summary": {"covered_lines": 14, "num_statements": 14, "percent_covered": 100.0, "percent_covered_display": "100", "missing_lines": 0, "excluded_lines": 0, "percent_statements_covered": 100.0, "percent_statements_covered_display": "100"}, "missing_lines": [], "excluded_lines": [], "functions": {"run_instruction_density": {"executed_lines": [8, 9, 10, 12, 13, 15, 16, 18, 19, 20, 22, 25], "summary": {"covered_lines": 12, "num_statements": 12, "percent_covered": 100.0, "percent_covered_display": "100", "missing_lines": 0, "excluded_lines": 0, "percent_statements_covered": 100.0, "percent_statements_covered_display": "100"}, "missing_lines": [], "excluded_lines": [], "start_line": 6}, "": {"executed_lines": [3, 6], "summary": {"covered_lines": 2, "num_statements": 2, "percent_covered": 100.0, "percent_covered_display": "100", "missing_lines": 0, "excluded_lines": 0, "percent_statements_covered": 100.0, "percent_statements_covered_display": "100"}, "missing_lines": [], "excluded_lines": [], "start_line": 1}}, "classes": {"": {"executed_lines": [3, 6, 8, 9, 10, 12, 13, 15, 16, 18, 19, 20, 22, 25], "summary": {"covered_lines": 14, "num_statements": 14, "percent_covered": 100.0, "percent_covered_display": "100", "missing_lines": 0, "excluded_lines": 0, "percent_statements_covered": 100.0, "percent_statements_covered_display": "100"}, "missing_lines": [], "excluded_lines": [], "start_line": 1}}}, "llm_detector/analyzers/perplexity.py": {"executed_lines": [11, 13, 15, 18, 28, 38, 39], "summary": {"covered_lines": 7, "num_statements": 108, "percent_covered": 6.481481481481482, "percent_covered_display": "6", "missing_lines": 101, "excluded_lines": 0, "percent_statements_covered": 6.481481481481482, "percent_statements_covered_display": "6"}, "missing_lines": [16, 41, 42, 43, 45, 47, 49, 51, 52, 54, 55, 56, 58, 63, 64, 65, 66, 67, 68, 70, 72, 73, 74, 75, 76, 77, 78, 79, 80, 81, 82, 85, 86, 87, 88, 89, 92, 93, 94, 95, 96, 97, 98, 99, 100, 101, 102, 103, 104, 108, 109, 110, 112, 113, 114, 115, 116, 117, 118, 119, 121, 122, 123, 124, 125, 126, 127, 128, 130, 131, 132, 135, 136, 138, 139, 140, 141, 143, 145, 146, 147, 148, 150, 151, 152, 154, 155, 156, 157, 158, 160, 163, 164, 165, 166, 167, 168, 169, 170, 171, 173], "excluded_lines": [], "functions": {"run_perplexity": {"executed_lines": [38, 39], "summary": {"covered_lines": 2, "num_statements": 102, "percent_covered": 1.9607843137254901, "percent_covered_display": "2", "missing_lines": 100, "excluded_lines": 0, "percent_statements_covered": 1.9607843137254901, "percent_statements_covered_display": "2"}, "missing_lines": [41, 42, 43, 45, 47, 49, 51, 52, 54, 55, 56, 58, 63, 64, 65, 66, 67, 68, 70, 72, 73, 74, 75, 76, 77, 78, 79, 80, 81, 82, 85, 86, 87, 88, 89, 92, 93, 94, 95, 96, 97, 98, 99, 100, 101, 102, 103, 104, 108, 109, 110, 112, 113, 114, 115, 116, 117, 118, 119, 121, 122, 123, 124, 125, 126, 127, 128, 130, 131, 132, 135, 136, 138, 139, 140, 141, 143, 145, 146, 147, 148, 150, 151, 152, 154, 155, 156, 157, 158, 160, 163, 164, 165, 166, 167, 168, 169, 170, 171, 173], "excluded_lines": [], "start_line": 28}, "": {"executed_lines": [11, 13, 15, 18, 28], "summary": {"covered_lines": 5, "num_statements": 6, "percent_covered": 83.33333333333333, "percent_covered_display": "83", "missing_lines": 1, "excluded_lines": 0, "percent_statements_covered": 83.33333333333333, "percent_statements_covered_display": "83"}, "missing_lines": [16], "excluded_lines": [], "start_line": 1}}, "classes": {"": {"executed_lines": [11, 13, 15, 18, 28, 38, 39], "summary": {"covered_lines": 7, "num_statements": 108, "percent_covered": 6.481481481481482, "percent_covered_display": "6", "missing_lines": 101, "excluded_lines": 0, "percent_statements_covered": 6.481481481481482, "percent_statements_covered_display": "6"}, "missing_lines": [16, 41, 42, 43, 45, 47, 49, 51, 52, 54, 55, 56, 58, 63, 64, 65, 66, 67, 68, 70, 72, 73, 74, 75, 76, 77, 78, 79, 80, 81, 82, 85, 86, 87, 88, 89, 92, 93, 94, 95, 96, 97, 98, 99, 100, 101, 102, 103, 104, 108, 109, 110, 112, 113, 114, 115, 116, 117, 118, 119, 121, 122, 123, 124, 125, 126, 127, 128, 130, 131, 132, 135, 136, 138, 139, 140, 141, 143, 145, 146, 147, 148, 150, 151, 152, 154, 155, 156, 157, 158, 160, 163, 164, 165, 166, 167, 168, 169, 170, 171, 173], "excluded_lines": [], "start_line": 1}}}, "llm_detector/analyzers/preamble.py": {"executed_lines": [8, 10, 34, 35, 41, 43, 44, 45, 46, 48, 49, 50, 51, 52, 53, 60, 61, 62, 63, 64, 65, 67, 68, 71, 77, 78], "summary": {"covered_lines": 26, "num_statements": 26, "percent_covered": 100.0, "percent_covered_display": "100", "missing_lines": 0, "excluded_lines": 0, "percent_statements_covered": 100.0, "percent_statements_covered_display": "100"}, "missing_lines": [], "excluded_lines": [], "functions": {"run_preamble": {"executed_lines": [43, 44, 45, 46, 48, 49, 50, 51, 52, 53, 60, 61, 62, 63, 64, 65, 67, 68], "summary": {"covered_lines": 18, "num_statements": 18, "percent_covered": 100.0, "percent_covered_display": "100", "missing_lines": 0, "excluded_lines": 0, "percent_statements_covered": 100.0, "percent_statements_covered_display": "100"}, "missing_lines": [], "excluded_lines": [], "start_line": 41}, "run_preamble_spans": {"executed_lines": [77, 78], "summary": {"covered_lines": 2, "num_statements": 2, "percent_covered": 100.0, "percent_covered_display": "100", "missing_lines": 0, "excluded_lines": 0, "percent_statements_covered": 100.0, "percent_statements_covered_display": "100"}, "missing_lines": [], "excluded_lines": [], "start_line": 71}, "": {"executed_lines": [8, 10, 34, 35, 41, 71], "summary": {"covered_lines": 6, "num_statements": 6, "percent_covered": 100.0, "percent_covered_display": "100", "missing_lines": 0, "excluded_lines": 0, "percent_statements_covered": 100.0, "percent_statements_covered_display": "100"}, "missing_lines": [], "excluded_lines": [], "start_line": 1}}, "classes": {"": {"executed_lines": [8, 10, 34, 35, 41, 43, 44, 45, 46, 48, 49, 50, 51, 52, 53, 60, 61, 62, 63, 64, 65, 67, 68, 71, 77, 78], "summary": {"covered_lines": 26, "num_statements": 26, "percent_covered": 100.0, "percent_covered_display": "100", "missing_lines": 0, "excluded_lines": 0, "percent_statements_covered": 100.0, "percent_statements_covered_display": "100"}, "missing_lines": [], "excluded_lines": [], "start_line": 1}}}, "llm_detector/analyzers/prompt_signature.py": {"executed_lines": [3, 4, 6, 24, 40, 41, 44, 46, 47, 48, 50, 51, 52, 53, 54, 55, 56, 57, 59, 60, 61, 62, 63, 64, 66, 67, 68, 69, 71, 72, 73, 74, 76, 79, 81, 82, 84, 86, 87, 88, 89, 90, 91, 92, 93, 94, 95, 96, 98, 99, 100, 102], "summary": {"covered_lines": 52, "num_statements": 53, "percent_covered": 98.11320754716981, "percent_covered_display": "98", "missing_lines": 1, "excluded_lines": 0, "percent_statements_covered": 98.11320754716981, "percent_statements_covered_display": "98"}, "missing_lines": [97], "excluded_lines": [], "functions": {"run_prompt_signature": {"executed_lines": [46, 47, 48, 50, 51, 52, 53, 54, 55, 56, 57, 59, 60, 61, 62, 63, 64, 66, 67, 68, 69, 71, 72, 73, 74, 76, 79, 81, 82, 84, 86, 87, 88, 89, 90, 91, 92, 93, 94, 95, 96, 98, 99, 100, 102], "summary": {"covered_lines": 45, "num_statements": 46, "percent_covered": 97.82608695652173, "percent_covered_display": "98", "missing_lines": 1, "excluded_lines": 0, "percent_statements_covered": 97.82608695652173, "percent_statements_covered_display": "98"}, "missing_lines": [97], "excluded_lines": [], "start_line": 44}, "": {"executed_lines": [3, 4, 6, 24, 40, 41, 44], "summary": {"covered_lines": 7, "num_statements": 7, "percent_covered": 100.0, "percent_covered_display": "100", "missing_lines": 0, "excluded_lines": 0, "percent_statements_covered": 100.0, "percent_statements_covered_display": "100"}, "missing_lines": [], "excluded_lines": [], "start_line": 1}}, "classes": {"": {"executed_lines": [3, 4, 6, 24, 40, 41, 44, 46, 47, 48, 50, 51, 52, 53, 54, 55, 56, 57, 59, 60, 61, 62, 63, 64, 66, 67, 68, 69, 71, 72, 73, 74, 76, 79, 81, 82, 84, 86, 87, 88, 89, 90, 91, 92, 93, 94, 95, 96, 98, 99, 100, 102], "summary": {"covered_lines": 52, "num_statements": 53, "percent_covered": 98.11320754716981, "percent_covered_display": "98", "missing_lines": 1, "excluded_lines": 0, "percent_statements_covered": 98.11320754716981, "percent_statements_covered_display": "98"}, "missing_lines": [97], "excluded_lines": [], "start_line": 1}}}, "llm_detector/analyzers/self_similarity.py": {"executed_lines": [7, 8, 9, 10, 11, 12, 15, 37, 43, 54, 55, 56, 57, 60, 71, 79, 90, 92, 93, 96, 101, 102, 103, 104, 106, 107, 125, 126, 127, 128, 129, 130, 131, 132, 135, 136, 139, 140, 141, 142, 144, 145, 146, 147, 150, 151, 154, 155, 158, 159, 160, 163, 164, 165, 168, 169, 172, 173, 174, 179, 181, 182, 184, 185, 187, 188, 190, 191, 193, 194, 196, 197, 198, 200, 201, 203, 204, 206, 207, 208, 209, 212, 213, 214, 215, 218, 219, 220, 221, 223, 224, 226, 229, 230, 231, 232, 233, 234, 236, 237, 239, 242, 243, 244, 245, 246, 247, 248, 249, 251, 252, 253, 254, 257, 258, 261, 262, 263, 264, 265, 268, 269, 270, 271, 285], "summary": {"covered_lines": 125, "num_statements": 140, "percent_covered": 89.28571428571429, "percent_covered_display": "89", "missing_lines": 15, "excluded_lines": 0, "percent_statements_covered": 89.28571428571429, "percent_statements_covered_display": "89"}, "missing_lines": [176, 225, 238, 259, 272, 273, 274, 275, 276, 277, 278, 279, 281, 282, 283], "excluded_lines": [], "functions": {"_get_sentences": {"executed_lines": [92, 93], "summary": {"covered_lines": 2, "num_statements": 2, "percent_covered": 100.0, "percent_covered_display": "100", "missing_lines": 0, "excluded_lines": 0, "percent_statements_covered": 100.0, "percent_statements_covered_display": "100"}, "missing_lines": [], "excluded_lines": [], "start_line": 90}, "run_self_similarity": {"executed_lines": [101, 102, 103, 104, 106, 107, 125, 126, 127, 128, 129, 130, 131, 132, 135, 136, 139, 140, 141, 142, 144, 145, 146, 147, 150, 151, 154, 155, 158, 159, 160, 163, 164, 165, 168, 169, 172, 173, 174, 179, 181, 182, 184, 185, 187, 188, 190, 191, 193, 194, 196, 197, 198, 200, 201, 203, 204, 206, 207, 208, 209, 212, 213, 214, 215, 218, 219, 220, 221, 223, 224, 226, 229, 230, 231, 232, 233, 234, 236, 237, 239, 242, 243, 244, 245, 246, 247, 248, 249, 251, 252, 253, 254, 257, 258, 261, 262, 263, 264, 265, 268, 269, 270, 271, 285], "summary": {"covered_lines": 105, "num_statements": 120, "percent_covered": 87.5, "percent_covered_display": "88", "missing_lines": 15, "excluded_lines": 0, "percent_statements_covered": 87.5, "percent_statements_covered_display": "88"}, "missing_lines": [176, 225, 238, 259, 272, 273, 274, 275, 276, 277, 278, 279, 281, 282, 283], "excluded_lines": [], "start_line": 96}, "": {"executed_lines": [7, 8, 9, 10, 11, 12, 15, 37, 43, 54, 55, 56, 57, 60, 71, 79, 90, 96], "summary": {"covered_lines": 18, "num_statements": 18, "percent_covered": 100.0, "percent_covered_display": "100", "missing_lines": 0, "excluded_lines": 0, "percent_statements_covered": 100.0, "percent_statements_covered_display": "100"}, "missing_lines": [], "excluded_lines": [], "start_line": 1}}, "classes": {"": {"executed_lines": [7, 8, 9, 10, 11, 12, 15, 37, 43, 54, 55, 56, 57, 60, 71, 79, 90, 92, 93, 96, 101, 102, 103, 104, 106, 107, 125, 126, 127, 128, 129, 130, 131, 132, 135, 136, 139, 140, 141, 142, 144, 145, 146, 147, 150, 151, 154, 155, 158, 159, 160, 163, 164, 165, 168, 169, 172, 173, 174, 179, 181, 182, 184, 185, 187, 188, 190, 191, 193, 194, 196, 197, 198, 200, 201, 203, 204, 206, 207, 208, 209, 212, 213, 214, 215, 218, 219, 220, 221, 223, 224, 226, 229, 230, 231, 232, 233, 234, 236, 237, 239, 242, 243, 244, 245, 246, 247, 248, 249, 251, 252, 253, 254, 257, 258, 261, 262, 263, 264, 265, 268, 269, 270, 271, 285], "summary": {"covered_lines": 125, "num_statements": 140, "percent_covered": 89.28571428571429, "percent_covered_display": "89", "missing_lines": 15, "excluded_lines": 0, "percent_statements_covered": 89.28571428571429, "percent_statements_covered_display": "89"}, "missing_lines": [176, 225, 238, 259, 272, 273, 274, 275, 276, 277, 278, 279, 281, 282, 283], "excluded_lines": [], "start_line": 1}}}, "llm_detector/analyzers/semantic_resonance.py": {"executed_lines": [6, 8, 12, 17, 18], "summary": {"covered_lines": 5, "num_statements": 38, "percent_covered": 13.157894736842104, "percent_covered_display": "13", "missing_lines": 33, "excluded_lines": 0, "percent_statements_covered": 13.157894736842104, "percent_statements_covered_display": "13"}, "missing_lines": [9, 27, 28, 29, 38, 39, 40, 41, 42, 43, 45, 46, 48, 50, 52, 53, 54, 56, 57, 58, 60, 62, 63, 64, 65, 66, 67, 68, 69, 71, 72, 73, 75], "excluded_lines": [], "functions": {"run_semantic_resonance": {"executed_lines": [17, 18], "summary": {"covered_lines": 2, "num_statements": 34, "percent_covered": 5.882352941176471, "percent_covered_display": "6", "missing_lines": 32, "excluded_lines": 0, "percent_statements_covered": 5.882352941176471, "percent_statements_covered_display": "6"}, "missing_lines": [27, 28, 29, 38, 39, 40, 41, 42, 43, 45, 46, 48, 50, 52, 53, 54, 56, 57, 58, 60, 62, 63, 64, 65, 66, 67, 68, 69, 71, 72, 73, 75], "excluded_lines": [], "start_line": 12}, "": {"executed_lines": [6, 8, 12], "summary": {"covered_lines": 3, "num_statements": 4, "percent_covered": 75.0, "percent_covered_display": "75", "missing_lines": 1, "excluded_lines": 0, "percent_statements_covered": 75.0, "percent_statements_covered_display": "75"}, "missing_lines": [9], "excluded_lines": [], "start_line": 1}}, "classes": {"": {"executed_lines": [6, 8, 12, 17, 18], "summary": {"covered_lines": 5, "num_statements": 38, "percent_covered": 13.157894736842104, "percent_covered_display": "13", "missing_lines": 33, "excluded_lines": 0, "percent_statements_covered": 13.157894736842104, "percent_statements_covered_display": "13"}, "missing_lines": [9, 27, 28, 29, 38, 39, 40, 41, 42, 43, 45, 46, 48, 50, 52, 53, 54, 56, 57, 58, 60, 62, 63, 64, 65, 66, 67, 68, 69, 71, 72, 73, 75], "excluded_lines": [], "start_line": 1}}}, "llm_detector/analyzers/stylometry.py": {"executed_lines": [6, 7, 8, 10, 13, 14, 15, 21, 22, 23, 24, 25, 28, 30, 31, 41, 42, 43, 46, 52, 55, 56, 59, 60, 61, 62, 63, 64, 65, 66, 69, 70, 73, 74, 75, 76, 79, 80, 81, 82, 83, 84, 86, 89, 90, 91, 94, 95, 98, 99, 101], "summary": {"covered_lines": 51, "num_statements": 52, "percent_covered": 98.07692307692308, "percent_covered_display": "98", "missing_lines": 1, "excluded_lines": 0, "percent_statements_covered": 98.07692307692308, "percent_statements_covered_display": "98"}, "missing_lines": [53], "excluded_lines": [], "functions": {"mask_topical_content": {"executed_lines": [30, 31, 41, 42, 43], "summary": {"covered_lines": 5, "num_statements": 5, "percent_covered": 100.0, "percent_covered_display": "100", "missing_lines": 0, "excluded_lines": 0, "percent_statements_covered": 100.0, "percent_statements_covered_display": "100"}, "missing_lines": [], "excluded_lines": [], "start_line": 28}, "extract_stylometric_features": {"executed_lines": [52, 55, 56, 59, 60, 61, 62, 63, 64, 65, 66, 69, 70, 73, 74, 75, 76, 79, 80, 81, 82, 83, 84, 86, 89, 90, 91, 94, 95, 98, 99, 101], "summary": {"covered_lines": 32, "num_statements": 33, "percent_covered": 96.96969696969697, "percent_covered_display": "97", "missing_lines": 1, "excluded_lines": 0, "percent_statements_covered": 96.96969696969697, "percent_statements_covered_display": "97"}, "missing_lines": [53], "excluded_lines": [], "start_line": 46}, "": {"executed_lines": [6, 7, 8, 10, 13, 14, 15, 21, 22, 23, 24, 25, 28, 46], "summary": {"covered_lines": 14, "num_statements": 14, "percent_covered": 100.0, "percent_covered_display": "100", "missing_lines": 0, "excluded_lines": 0, "percent_statements_covered": 100.0, "percent_statements_covered_display": "100"}, "missing_lines": [], "excluded_lines": [], "start_line": 1}}, "classes": {"": {"executed_lines": [6, 7, 8, 10, 13, 14, 15, 21, 22, 23, 24, 25, 28, 30, 31, 41, 42, 43, 46, 52, 55, 56, 59, 60, 61, 62, 63, 64, 65, 66, 69, 70, 73, 74, 75, 76, 79, 80, 81, 82, 83, 84, 86, 89, 90, 91, 94, 95, 98, 99, 101], "summary": {"covered_lines": 51, "num_statements": 52, "percent_covered": 98.07692307692308, "percent_covered_display": "98", "missing_lines": 1, "excluded_lines": 0, "percent_statements_covered": 98.07692307692308, "percent_statements_covered_display": "98"}, "missing_lines": [53], "excluded_lines": [], "start_line": 1}}}, "llm_detector/analyzers/token_cohesiveness.py": {"executed_lines": [10, 11, 13, 16, 27, 28], "summary": {"covered_lines": 6, "num_statements": 41, "percent_covered": 14.634146341463415, "percent_covered_display": "15", "missing_lines": 35, "excluded_lines": 0, "percent_statements_covered": 14.634146341463415, "percent_statements_covered_display": "15"}, "missing_lines": [37, 38, 39, 48, 49, 51, 53, 54, 55, 57, 58, 59, 60, 62, 63, 65, 66, 67, 68, 70, 71, 80, 81, 83, 84, 85, 86, 87, 88, 89, 90, 92, 93, 94, 96], "excluded_lines": [], "functions": {"run_token_cohesiveness": {"executed_lines": [27, 28], "summary": {"covered_lines": 2, "num_statements": 37, "percent_covered": 5.405405405405405, "percent_covered_display": "5", "missing_lines": 35, "excluded_lines": 0, "percent_statements_covered": 5.405405405405405, "percent_statements_covered_display": "5"}, "missing_lines": [37, 38, 39, 48, 49, 51, 53, 54, 55, 57, 58, 59, 60, 62, 63, 65, 66, 67, 68, 70, 71, 80, 81, 83, 84, 85, 86, 87, 88, 89, 90, 92, 93, 94, 96], "excluded_lines": [], "start_line": 16}, "": {"executed_lines": [10, 11, 13, 16], "summary": {"covered_lines": 4, "num_statements": 4, "percent_covered": 100.0, "percent_covered_display": "100", "missing_lines": 0, "excluded_lines": 0, "percent_statements_covered": 100.0, "percent_statements_covered_display": "100"}, "missing_lines": [], "excluded_lines": [], "start_line": 1}}, "classes": {"": {"executed_lines": [10, 11, 13, 16, 27, 28], "summary": {"covered_lines": 6, "num_statements": 41, "percent_covered": 14.634146341463415, "percent_covered_display": "15", "missing_lines": 35, "excluded_lines": 0, "percent_statements_covered": 14.634146341463415, "percent_statements_covered_display": "15"}, "missing_lines": [37, 38, 39, 48, 49, 51, 53, 54, 55, 57, 58, 59, 60, 62, 63, 65, 66, 67, 68, 70, 71, 80, 81, 83, 84, 85, 86, 87, 88, 89, 90, 92, 93, 94, 96], "excluded_lines": [], "start_line": 1}}}, "llm_detector/analyzers/voice_dissonance.py": {"executed_lines": [3, 5, 11, 21, 22, 23, 24, 26, 27, 28, 29, 32, 33, 34, 36, 37, 40, 41, 43, 46, 48, 49, 50, 52, 53, 55, 57, 59, 61, 64, 65, 68, 71, 72, 73, 76, 79, 81, 85], "summary": {"covered_lines": 39, "num_statements": 40, "percent_covered": 97.5, "percent_covered_display": "98", "missing_lines": 1, "excluded_lines": 0, "percent_statements_covered": 97.5, "percent_statements_covered_display": "98"}, "missing_lines": [31], "excluded_lines": [], "functions": {"_build_marker_pattern": {"executed_lines": [22, 23, 24, 26, 27, 28, 29, 32, 33, 34, 36, 37], "summary": {"covered_lines": 12, "num_statements": 13, "percent_covered": 92.3076923076923, "percent_covered_display": "92", "missing_lines": 1, "excluded_lines": 0, "percent_statements_covered": 92.3076923076923, "percent_statements_covered_display": "92"}, "missing_lines": [31], "excluded_lines": [], "start_line": 21}, "run_voice_dissonance": {"executed_lines": [48, 49, 50, 52, 53, 55, 57, 59, 61, 64, 65, 68, 71, 72, 73, 76, 79, 81, 85], "summary": {"covered_lines": 19, "num_statements": 19, "percent_covered": 100.0, "percent_covered_display": "100", "missing_lines": 0, "excluded_lines": 0, "percent_statements_covered": 100.0, "percent_statements_covered_display": "100"}, "missing_lines": [], "excluded_lines": [], "start_line": 46}, "": {"executed_lines": [3, 5, 11, 21, 40, 41, 43, 46], "summary": {"covered_lines": 8, "num_statements": 8, "percent_covered": 100.0, "percent_covered_display": "100", "missing_lines": 0, "excluded_lines": 0, "percent_statements_covered": 100.0, "percent_statements_covered_display": "100"}, "missing_lines": [], "excluded_lines": [], "start_line": 1}}, "classes": {"": {"executed_lines": [3, 5, 11, 21, 22, 23, 24, 26, 27, 28, 29, 32, 33, 34, 36, 37, 40, 41, 43, 46, 48, 49, 50, 52, 53, 55, 57, 59, 61, 64, 65, 68, 71, 72, 73, 76, 79, 81, 85], "summary": {"covered_lines": 39, "num_statements": 40, "percent_covered": 97.5, "percent_covered_display": "98", "missing_lines": 1, "excluded_lines": 0, "percent_statements_covered": 97.5, "percent_statements_covered_display": "98"}, "missing_lines": [31], "excluded_lines": [], "start_line": 1}}}, "llm_detector/analyzers/windowing.py": {"executed_lines": [6, 7, 8, 10, 11, 14, 19, 20, 22, 23, 25, 26, 27, 29, 30, 31, 32, 33, 34, 35, 37, 38, 40, 41, 42, 45, 46, 47, 49, 52, 53, 56, 64, 74, 75, 82, 83, 85, 86, 87, 91, 92, 94, 102, 103, 105, 107, 115, 120, 121, 122, 136, 137, 138, 139, 140, 141, 142, 143, 145, 149, 151, 152, 154, 155, 157, 158, 159, 162, 163, 164, 167, 169, 170, 171, 172, 173, 177, 178, 179, 180, 181, 182, 183, 184, 185, 186, 189, 191, 200, 201, 202, 203, 205, 206, 207, 208, 209, 210, 211, 213, 215, 218, 219, 224, 225, 226, 232, 233, 238, 253, 268, 269, 270, 272, 274, 276, 277, 278, 279, 280, 281, 282, 283, 285], "summary": {"covered_lines": 125, "num_statements": 140, "percent_covered": 89.28571428571429, "percent_covered_display": "89", "missing_lines": 15, "excluded_lines": 0, "percent_statements_covered": 89.28571428571429, "percent_statements_covered_display": "89"}, "missing_lines": [43, 50, 54, 88, 89, 95, 166, 175, 187, 221, 228, 229, 234, 235, 236], "excluded_lines": [], "functions": {"detect_changepoint": {"executed_lines": [19, 20, 22, 23, 25, 26, 27, 29, 30, 31, 32, 33, 34, 35, 37, 38, 40, 41, 42, 45, 46, 47, 49, 52, 53, 56], "summary": {"covered_lines": 26, "num_statements": 29, "percent_covered": 89.65517241379311, "percent_covered_display": "90", "missing_lines": 3, "excluded_lines": 0, "percent_statements_covered": 89.65517241379311, "percent_statements_covered_display": "90"}, "missing_lines": [43, 50, 54], "excluded_lines": [], "start_line": 14}, "score_surprisal_windows": {"executed_lines": [74, 75, 82, 83, 85, 86, 87, 91, 92, 94, 102, 103, 105, 107], "summary": {"covered_lines": 14, "num_statements": 17, "percent_covered": 82.3529411764706, "percent_covered_display": "82", "missing_lines": 3, "excluded_lines": 0, "percent_statements_covered": 82.3529411764706, "percent_statements_covered_display": "82"}, "missing_lines": [88, 89, 95], "excluded_lines": [], "start_line": 64}, "score_windows": {"executed_lines": [120, 121, 122, 136, 137, 138, 139, 140, 141, 142, 143, 145, 149, 151, 152, 154, 155, 157, 158, 159, 162, 163, 164, 167, 169, 170, 171, 172, 173, 177, 178, 179, 180, 181, 182, 183, 184, 185, 186, 189, 191, 200, 201, 202, 203, 205, 206, 207, 208, 209, 210, 211, 213, 215, 218, 219, 224, 225, 226, 232, 233, 238], "summary": {"covered_lines": 62, "num_statements": 71, "percent_covered": 87.32394366197182, "percent_covered_display": "87", "missing_lines": 9, "excluded_lines": 0, "percent_statements_covered": 87.32394366197182, "percent_statements_covered_display": "87"}, "missing_lines": [166, 175, 187, 221, 228, 229, 234, 235, 236], "excluded_lines": [], "start_line": 115}, "get_hot_window_spans": {"executed_lines": [268, 269, 270, 272, 274, 276, 277, 278, 279, 280, 281, 282, 283, 285], "summary": {"covered_lines": 14, "num_statements": 14, "percent_covered": 100.0, "percent_covered_display": "100", "missing_lines": 0, "excluded_lines": 0, "percent_statements_covered": 100.0, "percent_statements_covered_display": "100"}, "missing_lines": [], "excluded_lines": [], "start_line": 253}, "": {"executed_lines": [6, 7, 8, 10, 11, 14, 64, 115, 253], "summary": {"covered_lines": 9, "num_statements": 9, "percent_covered": 100.0, "percent_covered_display": "100", "missing_lines": 0, "excluded_lines": 0, "percent_statements_covered": 100.0, "percent_statements_covered_display": "100"}, "missing_lines": [], "excluded_lines": [], "start_line": 1}}, "classes": {"": {"executed_lines": [6, 7, 8, 10, 11, 14, 19, 20, 22, 23, 25, 26, 27, 29, 30, 31, 32, 33, 34, 35, 37, 38, 40, 41, 42, 45, 46, 47, 49, 52, 53, 56, 64, 74, 75, 82, 83, 85, 86, 87, 91, 92, 94, 102, 103, 105, 107, 115, 120, 121, 122, 136, 137, 138, 139, 140, 141, 142, 143, 145, 149, 151, 152, 154, 155, 157, 158, 159, 162, 163, 164, 167, 169, 170, 171, 172, 173, 177, 178, 179, 180, 181, 182, 183, 184, 185, 186, 189, 191, 200, 201, 202, 203, 205, 206, 207, 208, 209, 210, 211, 213, 215, 218, 219, 224, 225, 226, 232, 233, 238, 253, 268, 269, 270, 272, 274, 276, 277, 278, 279, 280, 281, 282, 283, 285], "summary": {"covered_lines": 125, "num_statements": 140, "percent_covered": 89.28571428571429, "percent_covered_display": "89", "missing_lines": 15, "excluded_lines": 0, "percent_statements_covered": 89.28571428571429, "percent_statements_covered_display": "89"}, "missing_lines": [43, 50, 54, 88, 89, 95, 166, 175, 187, 221, 228, 229, 234, 235, 236], "excluded_lines": [], "start_line": 1}}}, "llm_detector/baselines.py": {"executed_lines": [3, 4, 5, 6, 8, 41, 43, 44, 45, 47, 48, 49, 50, 51, 52, 53, 55, 56, 57, 58, 59, 62, 89], "summary": {"covered_lines": 23, "num_statements": 149, "percent_covered": 15.436241610738255, "percent_covered_display": "15", "missing_lines": 126, "excluded_lines": 0, "percent_statements_covered": 15.436241610738255, "percent_statements_covered_display": "15"}, "missing_lines": [64, 65, 67, 68, 69, 70, 71, 72, 73, 74, 75, 76, 77, 78, 79, 81, 82, 83, 85, 86, 91, 92, 93, 94, 95, 96, 97, 98, 99, 101, 102, 103, 105, 106, 107, 108, 110, 111, 112, 113, 114, 115, 117, 123, 125, 126, 127, 128, 130, 132, 133, 134, 135, 137, 138, 139, 140, 141, 143, 144, 145, 146, 147, 148, 150, 151, 153, 154, 156, 157, 158, 159, 161, 162, 163, 164, 166, 167, 168, 169, 170, 171, 173, 174, 175, 177, 178, 179, 180, 181, 182, 183, 184, 185, 186, 187, 188, 189, 190, 192, 193, 194, 195, 196, 198, 199, 200, 201, 202, 203, 204, 205, 206, 207, 208, 209, 210, 211, 213, 214, 215, 216, 217, 218, 219, 221], "excluded_lines": [], "functions": {"derive_attack_type": {"executed_lines": [43, 44, 45, 47, 48, 49, 50, 51, 52, 53, 55, 56, 57, 58, 59], "summary": {"covered_lines": 15, "num_statements": 15, "percent_covered": 100.0, "percent_covered_display": "100", "missing_lines": 0, "excluded_lines": 0, "percent_statements_covered": 100.0, "percent_statements_covered_display": "100"}, "missing_lines": [], "excluded_lines": [], "start_line": 41}, "collect_baselines": {"executed_lines": [], "summary": {"covered_lines": 0, "num_statements": 20, "percent_covered": 0.0, "percent_covered_display": "0", "missing_lines": 20, "excluded_lines": 0, "percent_statements_covered": 0.0, "percent_statements_covered_display": "0"}, "missing_lines": [64, 65, 67, 68, 69, 70, 71, 72, 73, 74, 75, 76, 77, 78, 79, 81, 82, 83, 85, 86], "excluded_lines": [], "start_line": 62}, "analyze_baselines": {"executed_lines": [], "summary": {"covered_lines": 0, "num_statements": 106, "percent_covered": 0.0, "percent_covered_display": "0", "missing_lines": 106, "excluded_lines": 0, "percent_statements_covered": 0.0, "percent_statements_covered_display": "0"}, "missing_lines": [91, 92, 93, 94, 95, 96, 97, 98, 99, 101, 102, 103, 105, 106, 107, 108, 110, 111, 112, 113, 114, 115, 117, 123, 125, 126, 127, 128, 130, 132, 133, 134, 135, 137, 138, 139, 140, 141, 143, 144, 145, 146, 147, 148, 150, 151, 153, 154, 156, 157, 158, 159, 161, 162, 163, 164, 166, 167, 168, 169, 170, 171, 173, 174, 175, 177, 178, 179, 180, 181, 182, 183, 184, 185, 186, 187, 188, 189, 190, 192, 193, 194, 195, 196, 198, 199, 200, 201, 202, 203, 204, 205, 206, 207, 208, 209, 210, 211, 213, 214, 215, 216, 217, 218, 219, 221], "excluded_lines": [], "start_line": 89}, "": {"executed_lines": [3, 4, 5, 6, 8, 41, 62, 89], "summary": {"covered_lines": 8, "num_statements": 8, "percent_covered": 100.0, "percent_covered_display": "100", "missing_lines": 0, "excluded_lines": 0, "percent_statements_covered": 100.0, "percent_statements_covered_display": "100"}, "missing_lines": [], "excluded_lines": [], "start_line": 1}}, "classes": {"": {"executed_lines": [3, 4, 5, 6, 8, 41, 43, 44, 45, 47, 48, 49, 50, 51, 52, 53, 55, 56, 57, 58, 59, 62, 89], "summary": {"covered_lines": 23, "num_statements": 149, "percent_covered": 15.436241610738255, "percent_covered_display": "15", "missing_lines": 126, "excluded_lines": 0, "percent_statements_covered": 15.436241610738255, "percent_statements_covered_display": "15"}, "missing_lines": [64, 65, 67, 68, 69, 70, 71, 72, 73, 74, 75, 76, 77, 78, 79, 81, 82, 83, 85, 86, 91, 92, 93, 94, 95, 96, 97, 98, 99, 101, 102, 103, 105, 106, 107, 108, 110, 111, 112, 113, 114, 115, 117, 123, 125, 126, 127, 128, 130, 132, 133, 134, 135, 137, 138, 139, 140, 141, 143, 144, 145, 146, 147, 148, 150, 151, 153, 154, 156, 157, 158, 159, 161, 162, 163, 164, 166, 167, 168, 169, 170, 171, 173, 174, 175, 177, 178, 179, 180, 181, 182, 183, 184, 185, 186, 187, 188, 189, 190, 192, 193, 194, 195, 196, 198, 199, 200, 201, 202, 203, 204, 205, 206, 207, 208, 209, 210, 211, 213, 214, 215, 216, 217, 218, 219, 221], "excluded_lines": [], "start_line": 1}}}, "llm_detector/calibration.py": {"executed_lines": [6, 7, 8, 10, 13, 15, 16, 17, 18, 19, 20, 21, 22, 23, 27, 28, 30, 31, 33, 34, 35, 36, 37, 39, 40, 41, 42, 43, 44, 46, 47, 48, 49, 50, 51, 52, 53, 54, 55, 56, 58, 66, 77, 78, 85, 87, 88, 89, 90, 92, 93, 95, 96, 97, 98, 99, 100, 102, 104, 105, 106, 107, 108, 112, 120, 122, 130, 131, 132, 135, 137, 138, 140, 141, 142, 143, 144, 148], "summary": {"covered_lines": 78, "num_statements": 82, "percent_covered": 95.1219512195122, "percent_covered_display": "95", "missing_lines": 4, "excluded_lines": 0, "percent_statements_covered": 95.1219512195122, "percent_statements_covered_display": "95"}, "missing_lines": [24, 25, 110, 146], "excluded_lines": [], "functions": {"calibrate_from_baselines": {"executed_lines": [15, 16, 17, 18, 19, 20, 21, 22, 23, 27, 28, 30, 31, 33, 34, 35, 36, 37, 39, 40, 41, 42, 43, 44, 46, 47, 48, 49, 50, 51, 52, 53, 54, 55, 56, 58], "summary": {"covered_lines": 36, "num_statements": 38, "percent_covered": 94.73684210526316, "percent_covered_display": "95", "missing_lines": 2, "excluded_lines": 0, "percent_statements_covered": 94.73684210526316, "percent_statements_covered_display": "95"}, "missing_lines": [24, 25], "excluded_lines": [], "start_line": 13}, "apply_calibration": {"executed_lines": [77, 78, 85, 87, 88, 89, 90, 92, 93, 95, 96, 97, 98, 99, 100, 102, 104, 105, 106, 107, 108, 112], "summary": {"covered_lines": 22, "num_statements": 23, "percent_covered": 95.65217391304348, "percent_covered_display": "96", "missing_lines": 1, "excluded_lines": 0, "percent_statements_covered": 95.65217391304348, "percent_statements_covered_display": "96"}, "missing_lines": [110], "excluded_lines": [], "start_line": 66}, "save_calibration": {"executed_lines": [122, 130, 131, 132], "summary": {"covered_lines": 4, "num_statements": 4, "percent_covered": 100.0, "percent_covered_display": "100", "missing_lines": 0, "excluded_lines": 0, "percent_statements_covered": 100.0, "percent_statements_covered_display": "100"}, "missing_lines": [], "excluded_lines": [], "start_line": 120}, "load_calibration": {"executed_lines": [137, 138, 140, 141, 142, 143, 144, 148], "summary": {"covered_lines": 8, "num_statements": 9, "percent_covered": 88.88888888888889, "percent_covered_display": "89", "missing_lines": 1, "excluded_lines": 0, "percent_statements_covered": 88.88888888888889, "percent_statements_covered_display": "89"}, "missing_lines": [146], "excluded_lines": [], "start_line": 135}, "": {"executed_lines": [6, 7, 8, 10, 13, 66, 120, 135], "summary": {"covered_lines": 8, "num_statements": 8, "percent_covered": 100.0, "percent_covered_display": "100", "missing_lines": 0, "excluded_lines": 0, "percent_statements_covered": 100.0, "percent_statements_covered_display": "100"}, "missing_lines": [], "excluded_lines": [], "start_line": 1}}, "classes": {"": {"executed_lines": [6, 7, 8, 10, 13, 15, 16, 17, 18, 19, 20, 21, 22, 23, 27, 28, 30, 31, 33, 34, 35, 36, 37, 39, 40, 41, 42, 43, 44, 46, 47, 48, 49, 50, 51, 52, 53, 54, 55, 56, 58, 66, 77, 78, 85, 87, 88, 89, 90, 92, 93, 95, 96, 97, 98, 99, 100, 102, 104, 105, 106, 107, 108, 112, 120, 122, 130, 131, 132, 135, 137, 138, 140, 141, 142, 143, 144, 148], "summary": {"covered_lines": 78, "num_statements": 82, "percent_covered": 95.1219512195122, "percent_covered_display": "95", "missing_lines": 4, "excluded_lines": 0, "percent_statements_covered": 95.1219512195122, "percent_statements_covered_display": "95"}, "missing_lines": [24, 25, 110, 146], "excluded_lines": [], "start_line": 1}}}, "llm_detector/channels/__init__.py": {"executed_lines": [4, 6, 9, 10, 12, 14, 15, 16, 17, 18, 19, 20, 22, 23, 24, 26, 30, 31, 32, 33], "summary": {"covered_lines": 20, "num_statements": 21, "percent_covered": 95.23809523809524, "percent_covered_display": "95", "missing_lines": 1, "excluded_lines": 0, "percent_statements_covered": 95.23809523809524, "percent_statements_covered_display": "95"}, "missing_lines": [27], "excluded_lines": [], "functions": {"ChannelResult.__init__": {"executed_lines": [14, 15, 16, 17, 18, 19, 20], "summary": {"covered_lines": 7, "num_statements": 7, "percent_covered": 100.0, "percent_covered_display": "100", "missing_lines": 0, "excluded_lines": 0, "percent_statements_covered": 100.0, "percent_statements_covered_display": "100"}, "missing_lines": [], "excluded_lines": [], "start_line": 12}, "ChannelResult.sev_level": {"executed_lines": [24], "summary": {"covered_lines": 1, "num_statements": 1, "percent_covered": 100.0, "percent_covered_display": "100", "missing_lines": 0, "excluded_lines": 0, "percent_statements_covered": 100.0, "percent_statements_covered_display": "100"}, "missing_lines": [], "excluded_lines": [], "start_line": 23}, "ChannelResult.__repr__": {"executed_lines": [], "summary": {"covered_lines": 0, "num_statements": 1, "percent_covered": 0.0, "percent_covered_display": "0", "missing_lines": 1, "excluded_lines": 0, "percent_statements_covered": 0.0, "percent_statements_covered_display": "0"}, "missing_lines": [27], "excluded_lines": [], "start_line": 26}, "": {"executed_lines": [4, 6, 9, 10, 12, 22, 23, 26, 30, 31, 32, 33], "summary": {"covered_lines": 12, "num_statements": 12, "percent_covered": 100.0, "percent_covered_display": "100", "missing_lines": 0, "excluded_lines": 0, "percent_statements_covered": 100.0, "percent_statements_covered_display": "100"}, "missing_lines": [], "excluded_lines": [], "start_line": 1}}, "classes": {"ChannelResult": {"executed_lines": [14, 15, 16, 17, 18, 19, 20, 24], "summary": {"covered_lines": 8, "num_statements": 9, "percent_covered": 88.88888888888889, "percent_covered_display": "89", "missing_lines": 1, "excluded_lines": 0, "percent_statements_covered": 88.88888888888889, "percent_statements_covered_display": "89"}, "missing_lines": [27], "excluded_lines": [], "start_line": 4}, "": {"executed_lines": [4, 6, 9, 10, 12, 22, 23, 26, 30, 31, 32, 33], "summary": {"covered_lines": 12, "num_statements": 12, "percent_covered": 100.0, "percent_covered_display": "100", "missing_lines": 0, "excluded_lines": 0, "percent_statements_covered": 100.0, "percent_statements_covered_display": "100"}, "missing_lines": [], "excluded_lines": [], "start_line": 1}}}, "llm_detector/channels/continuation.py": {"executed_lines": [3, 6, 8, 9, 10, 11, 12, 14, 15, 16, 17, 19, 20, 21, 22, 23, 24, 26, 28, 29, 30, 31, 32, 33, 34, 35, 41, 43], "summary": {"covered_lines": 28, "num_statements": 32, "percent_covered": 87.5, "percent_covered_display": "88", "missing_lines": 4, "excluded_lines": 0, "percent_statements_covered": 87.5, "percent_statements_covered_display": "88"}, "missing_lines": [36, 37, 38, 39], "excluded_lines": [], "functions": {"score_continuation": {"executed_lines": [8, 9, 10, 11, 12, 14, 15, 16, 17, 19, 20, 21, 22, 23, 24, 26, 28, 29, 30, 31, 32, 33, 34, 35, 41, 43], "summary": {"covered_lines": 26, "num_statements": 30, "percent_covered": 86.66666666666667, "percent_covered_display": "87", "missing_lines": 4, "excluded_lines": 0, "percent_statements_covered": 86.66666666666667, "percent_statements_covered_display": "87"}, "missing_lines": [36, 37, 38, 39], "excluded_lines": [], "start_line": 6}, "": {"executed_lines": [3, 6], "summary": {"covered_lines": 2, "num_statements": 2, "percent_covered": 100.0, "percent_covered_display": "100", "missing_lines": 0, "excluded_lines": 0, "percent_statements_covered": 100.0, "percent_statements_covered_display": "100"}, "missing_lines": [], "excluded_lines": [], "start_line": 1}}, "classes": {"": {"executed_lines": [3, 6, 8, 9, 10, 11, 12, 14, 15, 16, 17, 19, 20, 21, 22, 23, 24, 26, 28, 29, 30, 31, 32, 33, 34, 35, 41, 43], "summary": {"covered_lines": 28, "num_statements": 32, "percent_covered": 87.5, "percent_covered_display": "88", "missing_lines": 4, "excluded_lines": 0, "percent_statements_covered": 87.5, "percent_statements_covered_display": "88"}, "missing_lines": [36, 37, 38, 39], "excluded_lines": [], "start_line": 1}}}, "llm_detector/channels/prompt_structure.py": {"executed_lines": [6, 9, 11, 12, 13, 14, 17, 24, 30, 31, 32, 36, 37, 38, 39, 40, 41, 42, 43, 46, 60, 61, 62, 63, 67, 74, 75, 81, 95, 101, 107, 109], "summary": {"covered_lines": 32, "num_statements": 76, "percent_covered": 42.10526315789474, "percent_covered_display": "42", "missing_lines": 44, "excluded_lines": 0, "percent_statements_covered": 42.10526315789474, "percent_statements_covered_display": "42"}, "missing_lines": [18, 25, 26, 27, 33, 34, 35, 47, 48, 49, 50, 51, 52, 53, 54, 55, 56, 57, 64, 65, 66, 68, 69, 70, 71, 82, 83, 84, 85, 86, 87, 89, 90, 91, 92, 96, 97, 98, 99, 100, 102, 103, 104, 105], "excluded_lines": [], "functions": {"score_prompt_structure": {"executed_lines": [11, 12, 13, 14, 17, 24, 30, 31, 32, 36, 37, 38, 39, 40, 41, 42, 43, 46, 60, 61, 62, 63, 67, 74, 75, 81, 95, 101, 107, 109], "summary": {"covered_lines": 30, "num_statements": 74, "percent_covered": 40.54054054054054, "percent_covered_display": "41", "missing_lines": 44, "excluded_lines": 0, "percent_statements_covered": 40.54054054054054, "percent_statements_covered_display": "41"}, "missing_lines": [18, 25, 26, 27, 33, 34, 35, 47, 48, 49, 50, 51, 52, 53, 54, 55, 56, 57, 64, 65, 66, 68, 69, 70, 71, 82, 83, 84, 85, 86, 87, 89, 90, 91, 92, 96, 97, 98, 99, 100, 102, 103, 104, 105], "excluded_lines": [], "start_line": 9}, "": {"executed_lines": [6, 9], "summary": {"covered_lines": 2, "num_statements": 2, "percent_covered": 100.0, "percent_covered_display": "100", "missing_lines": 0, "excluded_lines": 0, "percent_statements_covered": 100.0, "percent_statements_covered_display": "100"}, "missing_lines": [], "excluded_lines": [], "start_line": 1}}, "classes": {"": {"executed_lines": [6, 9, 11, 12, 13, 14, 17, 24, 30, 31, 32, 36, 37, 38, 39, 40, 41, 42, 43, 46, 60, 61, 62, 63, 67, 74, 75, 81, 95, 101, 107, 109], "summary": {"covered_lines": 32, "num_statements": 76, "percent_covered": 42.10526315789474, "percent_covered_display": "42", "missing_lines": 44, "excluded_lines": 0, "percent_statements_covered": 42.10526315789474, "percent_statements_covered_display": "42"}, "missing_lines": [18, 25, 26, 27, 33, 34, 35, 47, 48, 49, 50, 51, 52, 53, 54, 55, 56, 57, 64, 65, 66, 68, 69, 70, 71, 82, 83, 84, 85, 86, 87, 89, 90, 91, 92, 96, 97, 98, 99, 100, 102, 103, 104, 105], "excluded_lines": [], "start_line": 1}}}, "llm_detector/channels/stylometric.py": {"executed_lines": [6, 9, 11, 12, 13, 14, 17, 18, 21, 22, 23, 24, 25, 26, 28, 29, 30, 31, 42, 43, 44, 45, 46, 48, 49, 50, 51, 53, 54, 56, 67, 68, 69, 70, 72, 81, 82, 86, 87, 88, 92, 93, 94, 95, 107, 125, 144, 148, 152, 154], "summary": {"covered_lines": 50, "num_statements": 109, "percent_covered": 45.87155963302752, "percent_covered_display": "46", "missing_lines": 59, "excluded_lines": 0, "percent_statements_covered": 45.87155963302752, "percent_statements_covered_display": "46"}, "missing_lines": [32, 33, 34, 35, 36, 37, 38, 39, 57, 58, 59, 60, 62, 63, 64, 73, 74, 75, 77, 78, 80, 83, 84, 96, 97, 98, 99, 100, 101, 102, 103, 104, 108, 109, 111, 112, 113, 114, 116, 117, 119, 120, 121, 122, 126, 127, 128, 130, 131, 132, 133, 135, 136, 138, 139, 140, 141, 145, 146], "excluded_lines": [], "functions": {"score_stylometric": {"executed_lines": [11, 12, 13, 14, 17, 18, 21, 22, 23, 24, 25, 26, 28, 29, 30, 31, 42, 43, 44, 45, 46, 48, 49, 50, 51, 53, 54, 56, 67, 68, 69, 70, 72, 81, 82, 86, 87, 88, 92, 93, 94, 95, 107, 125, 144, 148, 152, 154], "summary": {"covered_lines": 48, "num_statements": 107, "percent_covered": 44.85981308411215, "percent_covered_display": "45", "missing_lines": 59, "excluded_lines": 0, "percent_statements_covered": 44.85981308411215, "percent_statements_covered_display": "45"}, "missing_lines": [32, 33, 34, 35, 36, 37, 38, 39, 57, 58, 59, 60, 62, 63, 64, 73, 74, 75, 77, 78, 80, 83, 84, 96, 97, 98, 99, 100, 101, 102, 103, 104, 108, 109, 111, 112, 113, 114, 116, 117, 119, 120, 121, 122, 126, 127, 128, 130, 131, 132, 133, 135, 136, 138, 139, 140, 141, 145, 146], "excluded_lines": [], "start_line": 9}, "": {"executed_lines": [6, 9], "summary": {"covered_lines": 2, "num_statements": 2, "percent_covered": 100.0, "percent_covered_display": "100", "missing_lines": 0, "excluded_lines": 0, "percent_statements_covered": 100.0, "percent_statements_covered_display": "100"}, "missing_lines": [], "excluded_lines": [], "start_line": 1}}, "classes": {"": {"executed_lines": [6, 9, 11, 12, 13, 14, 17, 18, 21, 22, 23, 24, 25, 26, 28, 29, 30, 31, 42, 43, 44, 45, 46, 48, 49, 50, 51, 53, 54, 56, 67, 68, 69, 70, 72, 81, 82, 86, 87, 88, 92, 93, 94, 95, 107, 125, 144, 148, 152, 154], "summary": {"covered_lines": 50, "num_statements": 109, "percent_covered": 45.87155963302752, "percent_covered_display": "46", "missing_lines": 59, "excluded_lines": 0, "percent_statements_covered": 45.87155963302752, "percent_statements_covered_display": "46"}, "missing_lines": [32, 33, 34, 35, 36, 37, 38, 39, 57, 58, 59, 60, 62, 63, 64, 73, 74, 75, 77, 78, 80, 83, 84, 96, 97, 98, 99, 100, 101, 102, 103, 104, 108, 109, 111, 112, 113, 114, 116, 117, 119, 120, 121, 122, 126, 127, 128, 130, 131, 132, 133, 135, 136, 138, 139, 140, 141, 145, 146], "excluded_lines": [], "start_line": 1}}}, "llm_detector/channels/windowed.py": {"executed_lines": [3, 6, 8, 9, 17, 26, 27, 28, 30, 31, 32, 33, 35, 36, 37, 38, 39, 43, 48, 51, 53], "summary": {"covered_lines": 21, "num_statements": 28, "percent_covered": 75.0, "percent_covered_display": "75", "missing_lines": 7, "excluded_lines": 0, "percent_statements_covered": 75.0, "percent_statements_covered_display": "75"}, "missing_lines": [40, 41, 42, 44, 45, 46, 49], "excluded_lines": [], "functions": {"score_windowed": {"executed_lines": [8, 9, 17, 26, 27, 28, 30, 31, 32, 33, 35, 36, 37, 38, 39, 43, 48, 51, 53], "summary": {"covered_lines": 19, "num_statements": 26, "percent_covered": 73.07692307692308, "percent_covered_display": "73", "missing_lines": 7, "excluded_lines": 0, "percent_statements_covered": 73.07692307692308, "percent_statements_covered_display": "73"}, "missing_lines": [40, 41, 42, 44, 45, 46, 49], "excluded_lines": [], "start_line": 6}, "": {"executed_lines": [3, 6], "summary": {"covered_lines": 2, "num_statements": 2, "percent_covered": 100.0, "percent_covered_display": "100", "missing_lines": 0, "excluded_lines": 0, "percent_statements_covered": 100.0, "percent_statements_covered_display": "100"}, "missing_lines": [], "excluded_lines": [], "start_line": 1}}, "classes": {"": {"executed_lines": [3, 6, 8, 9, 17, 26, 27, 28, 30, 31, 32, 33, 35, 36, 37, 38, 39, 43, 48, 51, 53], "summary": {"covered_lines": 21, "num_statements": 28, "percent_covered": 75.0, "percent_covered_display": "75", "missing_lines": 7, "excluded_lines": 0, "percent_statements_covered": 75.0, "percent_statements_covered_display": "75"}, "missing_lines": [40, 41, 42, 44, 45, 46, 49], "excluded_lines": [], "start_line": 1}}}, "llm_detector/cli.py": {"executed_lines": [3, 4, 5, 6, 7, 8, 10, 12, 14, 15, 18, 19, 23, 26, 31, 114, 121, 122, 128, 180, 342, 400, 402, 404, 405, 406, 407, 408, 409, 410, 411, 412, 416, 417, 418, 420, 421, 422, 424, 425, 426, 427, 430, 431, 432, 434, 435, 436, 437, 438, 439, 440, 441, 442, 445, 446, 447, 449, 450, 452, 453, 455, 456, 458, 459, 460, 462, 463, 465, 468, 469, 470, 471, 472, 473, 480, 503, 504, 505, 506, 507, 509, 552, 556, 573, 575, 576, 581, 584, 587, 591, 592, 593, 595, 605, 606, 607, 608, 609, 610, 611, 612, 613, 614, 615, 616, 618, 620, 622, 624, 626, 628, 631, 634, 636, 638, 643, 645, 647, 650, 653, 655, 657, 659, 661, 663, 665, 667, 669, 671, 673, 675, 677, 679, 681, 683, 685, 688, 690, 692, 694, 696, 698, 700, 703, 705, 707, 709, 712, 718, 720, 725, 730, 731, 732, 733, 734, 735, 736, 737, 738, 739, 740, 741, 742, 743, 746, 747, 748, 749, 752, 759, 770, 777, 786, 795, 805, 817, 859, 860, 861, 863, 870, 884, 885, 890, 901, 903, 904, 914, 926, 934, 935, 944, 945, 959, 963, 967, 968, 969, 970, 972, 973, 976, 977, 978, 981, 982, 1001, 1003, 1004, 1005, 1006, 1025, 1037, 1038, 1039, 1040, 1043, 1044, 1045, 1046, 1047, 1048, 1052, 1053, 1054, 1055, 1056, 1058, 1059, 1066, 1067, 1073, 1074, 1079, 1099, 1102, 1103, 1106, 1111, 1114, 1115, 1116, 1117, 1118, 1119, 1120, 1122, 1126, 1127, 1128, 1133, 1135, 1158, 1159, 1160, 1162, 1163, 1164, 1165, 1166, 1168, 1177, 1178, 1181, 1190, 1196, 1205, 1209, 1215, 1235, 1245], "summary": {"covered_lines": 273, "num_statements": 778, "percent_covered": 35.08997429305913, "percent_covered_display": "35", "missing_lines": 505, "excluded_lines": 0, "percent_statements_covered": 35.08997429305913, "percent_statements_covered_display": "35"}, "missing_lines": [28, 33, 35, 37, 38, 39, 41, 42, 43, 44, 45, 46, 47, 48, 50, 51, 52, 53, 56, 57, 58, 59, 60, 61, 62, 63, 64, 65, 66, 67, 68, 69, 70, 71, 72, 73, 74, 75, 76, 77, 78, 79, 80, 81, 82, 83, 85, 87, 88, 89, 90, 91, 94, 95, 96, 97, 100, 101, 102, 103, 104, 105, 106, 130, 132, 134, 135, 136, 138, 139, 140, 141, 142, 145, 146, 147, 149, 152, 153, 155, 158, 159, 160, 161, 162, 163, 164, 165, 168, 169, 170, 171, 172, 173, 174, 176, 177, 202, 203, 205, 207, 208, 209, 210, 212, 213, 215, 216, 218, 231, 232, 233, 234, 235, 236, 238, 240, 241, 243, 244, 246, 247, 248, 249, 250, 252, 253, 254, 257, 258, 260, 261, 262, 263, 264, 265, 266, 267, 268, 269, 270, 271, 272, 273, 274, 276, 277, 278, 281, 282, 283, 284, 285, 286, 287, 288, 289, 292, 311, 312, 313, 314, 315, 316, 317, 319, 321, 324, 325, 328, 329, 334, 337, 339, 344, 346, 347, 348, 349, 350, 351, 352, 353, 354, 355, 357, 358, 359, 360, 362, 363, 364, 365, 366, 367, 369, 370, 371, 373, 374, 375, 377, 378, 379, 382, 383, 384, 385, 386, 387, 388, 390, 392, 413, 414, 474, 475, 477, 481, 483, 484, 486, 488, 489, 490, 491, 492, 493, 494, 495, 496, 497, 498, 499, 500, 510, 511, 512, 514, 516, 517, 518, 519, 521, 522, 524, 526, 529, 530, 532, 534, 536, 538, 539, 541, 542, 543, 544, 545, 546, 547, 548, 549, 557, 559, 561, 564, 565, 566, 568, 569, 570, 578, 579, 582, 588, 721, 722, 723, 726, 727, 753, 754, 756, 757, 760, 761, 762, 763, 764, 765, 767, 768, 771, 772, 774, 775, 778, 779, 780, 781, 783, 784, 787, 788, 789, 790, 792, 793, 796, 797, 798, 799, 800, 801, 802, 803, 806, 807, 808, 809, 810, 811, 812, 813, 814, 815, 818, 819, 820, 822, 823, 824, 826, 827, 828, 830, 832, 833, 834, 836, 838, 839, 840, 841, 843, 845, 847, 848, 849, 852, 854, 856, 857, 864, 865, 866, 867, 868, 871, 872, 873, 874, 875, 876, 877, 878, 879, 880, 881, 882, 886, 887, 891, 892, 893, 894, 899, 905, 906, 907, 908, 909, 910, 911, 912, 915, 923, 924, 927, 928, 929, 930, 931, 932, 936, 953, 954, 956, 957, 960, 961, 964, 965, 983, 984, 986, 987, 988, 989, 990, 991, 992, 999, 1026, 1027, 1028, 1029, 1030, 1031, 1032, 1033, 1034, 1035, 1041, 1060, 1061, 1062, 1063, 1064, 1068, 1069, 1070, 1075, 1076, 1077, 1080, 1085, 1088, 1089, 1090, 1091, 1092, 1093, 1094, 1095, 1096, 1107, 1108, 1109, 1121, 1123, 1129, 1130, 1131, 1136, 1147, 1149, 1150, 1151, 1152, 1153, 1154, 1155, 1156, 1169, 1170, 1171, 1172, 1173, 1174, 1175, 1182, 1185, 1186, 1187, 1191, 1192, 1193, 1197, 1198, 1199, 1200, 1201, 1202, 1203, 1206, 1211, 1212, 1217, 1218, 1219, 1221, 1222, 1223, 1224, 1226, 1227, 1228, 1229, 1230, 1231, 1232, 1242, 1246], "excluded_lines": [], "functions": {"_is_frozen": {"executed_lines": [], "summary": {"covered_lines": 0, "num_statements": 1, "percent_covered": 0.0, "percent_covered_display": "0", "missing_lines": 1, "excluded_lines": 0, "percent_statements_covered": 0.0, "percent_statements_covered_display": "0"}, "missing_lines": [28], "excluded_lines": [], "start_line": 26}, "print_result": {"executed_lines": [], "summary": {"covered_lines": 0, "num_statements": 62, "percent_covered": 0.0, "percent_covered_display": "0", "missing_lines": 62, "excluded_lines": 0, "percent_statements_covered": 0.0, "percent_statements_covered_display": "0"}, "missing_lines": [33, 35, 37, 38, 39, 41, 42, 43, 44, 45, 46, 47, 48, 50, 51, 52, 53, 56, 57, 58, 59, 60, 61, 62, 63, 64, 65, 66, 67, 68, 69, 70, 71, 72, 73, 74, 75, 76, 77, 78, 79, 80, 81, 82, 83, 85, 87, 88, 89, 90, 91, 94, 95, 96, 97, 100, 101, 102, 103, 104, 105, 106], "excluded_lines": [], "start_line": 31}, "_sort_for_labeling": {"executed_lines": [121, 122], "summary": {"covered_lines": 2, "num_statements": 2, "percent_covered": 100.0, "percent_covered_display": "100", "missing_lines": 0, "excluded_lines": 0, "percent_statements_covered": 100.0, "percent_statements_covered_display": "100"}, "missing_lines": [], "excluded_lines": [], "start_line": 114}, "_format_labeling_display": {"executed_lines": [], "summary": {"covered_lines": 0, "num_statements": 34, "percent_covered": 0.0, "percent_covered_display": "0", "missing_lines": 34, "excluded_lines": 0, "percent_statements_covered": 0.0, "percent_statements_covered_display": "0"}, "missing_lines": [130, 132, 134, 135, 136, 138, 139, 140, 141, 142, 145, 146, 147, 149, 152, 153, 155, 158, 159, 160, 161, 162, 163, 164, 165, 168, 169, 170, 171, 172, 173, 174, 176, 177], "excluded_lines": [], "start_line": 128}, "interactive_label": {"executed_lines": [], "summary": {"covered_lines": 0, "num_statements": 77, "percent_covered": 0.0, "percent_covered_display": "0", "missing_lines": 77, "excluded_lines": 0, "percent_statements_covered": 0.0, "percent_statements_covered_display": "0"}, "missing_lines": [202, 203, 205, 207, 208, 209, 210, 212, 213, 215, 216, 218, 231, 232, 233, 234, 235, 236, 238, 240, 241, 243, 244, 246, 247, 248, 249, 250, 252, 253, 254, 257, 258, 260, 261, 262, 263, 264, 265, 266, 267, 268, 269, 270, 271, 272, 273, 274, 276, 277, 278, 281, 282, 283, 284, 285, 286, 287, 288, 289, 292, 311, 312, 313, 314, 315, 316, 317, 319, 321, 324, 325, 328, 329, 334, 337, 339], "excluded_lines": [], "start_line": 180}, "_print_labeling_summary": {"executed_lines": [], "summary": {"covered_lines": 0, "num_statements": 39, "percent_covered": 0.0, "percent_covered_display": "0", "missing_lines": 39, "excluded_lines": 0, "percent_statements_covered": 0.0, "percent_statements_covered_display": "0"}, "missing_lines": [344, 346, 347, 348, 349, 350, 351, 352, 353, 354, 355, 357, 358, 359, 360, 362, 363, 364, 365, 366, 367, 369, 370, 371, 373, 374, 375, 377, 378, 379, 382, 383, 384, 385, 386, 387, 388, 390, 392], "excluded_lines": [], "start_line": 342}, "calibration_report": {"executed_lines": [402, 404, 405, 406, 407, 408, 409, 410, 411, 412, 416, 417, 418, 420, 421, 422, 424, 425, 426, 427, 430, 431, 432, 434, 435, 436, 437, 438, 439, 440, 441, 442, 445, 446, 447, 449, 450, 452, 453, 455, 456, 458, 459, 460, 462, 463, 465, 468, 469, 470, 471, 472, 473, 480, 503, 504, 505, 506, 507, 509, 552, 556, 573, 575, 576, 581, 584, 587, 591, 592, 593, 595], "summary": {"covered_lines": 72, "num_statements": 135, "percent_covered": 53.333333333333336, "percent_covered_display": "53", "missing_lines": 63, "excluded_lines": 0, "percent_statements_covered": 53.333333333333336, "percent_statements_covered_display": "53"}, "missing_lines": [413, 414, 474, 475, 477, 481, 483, 484, 486, 488, 489, 490, 491, 492, 493, 494, 495, 496, 497, 498, 499, 500, 510, 511, 512, 514, 516, 517, 518, 519, 521, 522, 524, 526, 529, 530, 532, 534, 536, 538, 539, 541, 542, 543, 544, 545, 546, 547, 548, 549, 557, 559, 561, 564, 565, 566, 568, 569, 570, 578, 579, 582, 588], "excluded_lines": [], "start_line": 400}, "main": {"executed_lines": [606, 607, 608, 609, 610, 611, 612, 613, 614, 615, 616, 618, 620, 622, 624, 626, 628, 631, 634, 636, 638, 643, 645, 647, 650, 653, 655, 657, 659, 661, 663, 665, 667, 669, 671, 673, 675, 677, 679, 681, 683, 685, 688, 690, 692, 694, 696, 698, 700, 703, 705, 707, 709, 712, 718, 720, 725, 730, 731, 732, 733, 734, 735, 736, 737, 738, 739, 740, 741, 742, 743, 746, 747, 748, 749, 752, 759, 770, 777, 786, 795, 805, 817, 859, 860, 861, 863, 870, 884, 885, 890, 901, 903, 904, 914, 926, 934, 935, 944, 945, 959, 963, 967, 968, 969, 970, 972, 973, 976, 977, 978, 981, 982, 1001, 1003, 1025, 1037, 1038, 1039, 1040, 1043, 1044, 1045, 1046, 1047, 1048, 1052, 1053, 1054, 1055, 1056, 1058, 1059, 1066, 1067, 1073, 1074, 1079, 1099, 1102, 1103, 1106, 1111, 1114, 1115, 1116, 1117, 1118, 1119, 1120, 1122, 1126, 1127, 1128, 1133, 1135, 1158, 1159, 1160, 1162, 1163, 1164, 1165, 1166, 1168, 1177, 1178, 1181, 1190, 1196, 1205], "summary": {"covered_lines": 171, "num_statements": 382, "percent_covered": 44.76439790575916, "percent_covered_display": "45", "missing_lines": 211, "excluded_lines": 0, "percent_statements_covered": 44.76439790575916, "percent_statements_covered_display": "45"}, "missing_lines": [721, 722, 723, 726, 727, 753, 754, 756, 757, 760, 761, 762, 763, 764, 765, 767, 768, 771, 772, 774, 775, 778, 779, 780, 781, 783, 784, 787, 788, 789, 790, 792, 793, 796, 797, 798, 799, 800, 801, 802, 803, 806, 807, 808, 809, 810, 811, 812, 813, 814, 815, 818, 819, 820, 822
[...]
1], "excluded_lines": [], "functions": {"normalize_text": {"executed_lines": [55, 56, 57, 58, 61, 62, 63, 64, 65, 66, 67, 70, 71, 72, 75, 76, 77, 78, 81, 82, 83, 84, 87, 88, 89, 90, 91, 92, 93, 94, 97, 98, 99, 100, 101, 102, 106, 108, 111, 112, 113, 114, 115, 116, 117, 118, 119, 120, 123], "summary": {"covered_lines": 49, "num_statements": 51, "percent_covered": 96.07843137254902, "percent_covered_display": "96", "missing_lines": 2, "excluded_lines": 0, "percent_statements_covered": 96.07843137254902, "percent_statements_covered_display": "96"}, "missing_lines": [103, 121], "excluded_lines": [], "start_line": 50}, "": {"executed_lines": [11, 12, 13, 15, 16, 19, 35, 47, 50], "summary": {"covered_lines": 9, "num_statements": 9, "percent_covered": 100.0, "percent_covered_display": "100", "missing_lines": 0, "excluded_lines": 0, "percent_statements_covered": 100.0, "percent_statements_covered_display": "100"}, "missing_lines": [], "excluded_lines": [], "start_line": 1}}, "classes": {"": {"executed_lines": [11, 12, 13, 15, 16, 19, 35, 47, 50, 55, 56, 57, 58, 61, 62, 63, 64, 65, 66, 67, 70, 71, 72, 75, 76, 77, 78, 81, 82, 83, 84, 87, 88, 89, 90, 91, 92, 93, 94, 97, 98, 99, 100, 101, 102, 106, 108, 111, 112, 113, 114, 115, 116, 117, 118, 119, 120, 123], "summary": {"covered_lines": 58, "num_statements": 60, "percent_covered": 96.66666666666667, "percent_covered_display": "97", "missing_lines": 2, "excluded_lines": 0, "percent_statements_covered": 96.66666666666667, "percent_statements_covered_display": "97"}, "missing_lines": [103, 121], "excluded_lines": [], "start_line": 1}}}, "llm_detector/pipeline.py": {"executed_lines": [3, 4, 5, 6, 7, 8, 13, 14, 15, 16, 17, 18, 19, 20, 21, 22, 25, 34, 35, 36, 39, 41, 44, 45, 46, 47, 48, 54, 55, 56, 58, 59, 61, 66, 67, 69, 70, 71, 74, 75, 76, 80, 81, 84, 87, 88, 92, 93, 94, 95, 100, 103, 115, 116, 117, 118, 124, 127, 146, 249, 260, 273, 274, 296, 311, 312, 313, 334, 348, 356, 363, 370, 371, 372, 374, 375, 377], "summary": {"covered_lines": 77, "num_statements": 84, "percent_covered": 91.66666666666667, "percent_covered_display": "92", "missing_lines": 7, "excluded_lines": 0, "percent_statements_covered": 91.66666666666667, "percent_statements_covered_display": "92"}, "missing_lines": [60, 62, 77, 96, 119, 120, 122], "excluded_lines": [], "functions": {"analyze_prompt": {"executed_lines": [34, 35, 36, 39, 41, 44, 45, 46, 47, 48, 54, 55, 56, 58, 59, 61, 66, 67, 69, 70, 71, 74, 75, 76, 80, 81, 84, 87, 88, 92, 93, 94, 95, 100, 103, 115, 116, 117, 118, 124, 127, 146, 249, 260, 273, 274, 296, 311, 312, 313, 334, 348, 356, 363, 370, 371, 372, 374, 375, 377], "summary": {"covered_lines": 60, "num_statements": 67, "percent_covered": 89.55223880597015, "percent_covered_display": "90", "missing_lines": 7, "excluded_lines": 0, "percent_statements_covered": 89.55223880597015, "percent_statements_covered_display": "90"}, "missing_lines": [60, 62, 77, 96, 119, 120, 122], "excluded_lines": [], "start_line": 25}, "": {"executed_lines": [3, 4, 5, 6, 7, 8, 13, 14, 15, 16, 17, 18, 19, 20, 21, 22, 25], "summary": {"covered_lines": 17, "num_statements": 17, "percent_covered": 100.0, "percent_covered_display": "100", "missing_lines": 0, "excluded_lines": 0, "percent_statements_covered": 100.0, "percent_statements_covered_display": "100"}, "missing_lines": [], "excluded_lines": [], "start_line": 1}}, "classes": {"": {"executed_lines": [3, 4, 5, 6, 7, 8, 13, 14, 15, 16, 17, 18, 19, 20, 21, 22, 25, 34, 35, 36, 39, 41, 44, 45, 46, 47, 48, 54, 55, 56, 58, 59, 61, 66, 67, 69, 70, 71, 74, 75, 76, 80, 81, 84, 87, 88, 92, 93, 94, 95, 100, 103, 115, 116, 117, 118, 124, 127, 146, 249, 260, 273, 274, 296, 311, 312, 313, 334, 348, 356, 363, 370, 371, 372, 374, 375, 377], "summary": {"covered_lines": 77, "num_statements": 84, "percent_covered": 91.66666666666667, "percent_covered_display": "92", "missing_lines": 7, "excluded_lines": 0, "percent_statements_covered": 91.66666666666667, "percent_statements_covered_display": "92"}, "missing_lines": [60, 62, 77, 96, 119, 120, 122], "excluded_lines": [], "start_line": 1}}}, "llm_detector/reporting.py": {"executed_lines": [7, 10, 15, 16, 17, 18, 19, 21, 22, 23, 24, 26, 27, 28, 29, 32, 33, 34, 35, 36, 40, 43, 45, 47, 62, 63, 66, 110, 112, 113, 115, 116, 117, 118, 119, 123, 125, 129, 130, 131, 132, 134, 137, 138, 139, 140, 141, 142, 143, 146, 155, 156, 157, 169, 171, 173, 174, 175, 177, 178, 180, 181, 183, 196], "summary": {"covered_lines": 64, "num_statements": 103, "percent_covered": 62.13592233009709, "percent_covered_display": "62", "missing_lines": 39, "excluded_lines": 0, "percent_statements_covered": 62.13592233009709, "percent_statements_covered_display": "62"}, "missing_lines": [37, 38, 68, 69, 70, 72, 73, 75, 76, 77, 79, 80, 82, 84, 86, 87, 88, 89, 90, 93, 95, 97, 98, 99, 104, 105, 124, 135, 198, 199, 200, 201, 202, 203, 205, 206, 208, 209, 211], "excluded_lines": [], "functions": {"profile_attempters": {"executed_lines": [15, 16, 17, 18, 19, 21, 22, 23, 24, 26, 27, 28, 29, 32, 33, 34, 35, 36, 40, 43, 45, 47, 62, 63], "summary": {"covered_lines": 24, "num_statements": 26, "percent_covered": 92.3076923076923, "percent_covered_display": "92", "missing_lines": 2, "excluded_lines": 0, "percent_statements_covered": 92.3076923076923, "percent_statements_covered_display": "92"}, "missing_lines": [37, 38], "excluded_lines": [], "start_line": 10}, "print_attempter_report": {"executed_lines": [], "summary": {"covered_lines": 0, "num_statements": 24, "percent_covered": 0.0, "percent_covered_display": "0", "missing_lines": 24, "excluded_lines": 0, "percent_statements_covered": 0.0, "percent_statements_covered_display": "0"}, "missing_lines": [68, 69, 70, 72, 73, 75, 76, 77, 79, 80, 82, 84, 86, 87, 88, 89, 90, 93, 95, 97, 98, 99, 104, 105], "excluded_lines": [], "start_line": 66}, "channel_pattern_summary": {"executed_lines": [112, 113, 115, 116, 117, 118, 119, 123, 125, 129, 130, 131, 132, 134, 137, 138, 139, 140, 141, 142, 143], "summary": {"covered_lines": 21, "num_statements": 23, "percent_covered": 91.30434782608695, "percent_covered_display": "91", "missing_lines": 2, "excluded_lines": 0, "percent_statements_covered": 91.30434782608695, "percent_statements_covered_display": "91"}, "missing_lines": [124, 135], "excluded_lines": [], "start_line": 110}, "financial_impact": {"executed_lines": [155, 156, 157, 169, 171, 173, 174, 175, 177, 178, 180, 181, 183], "summary": {"covered_lines": 13, "num_statements": 13, "percent_covered": 100.0, "percent_covered_display": "100", "missing_lines": 0, "excluded_lines": 0, "percent_statements_covered": 100.0, "percent_statements_covered_display": "100"}, "missing_lines": [], "excluded_lines": [], "start_line": 146}, "print_financial_report": {"executed_lines": [], "summary": {"covered_lines": 0, "num_statements": 11, "percent_covered": 0.0, "percent_covered_display": "0", "missing_lines": 11, "excluded_lines": 0, "percent_statements_covered": 0.0, "percent_statements_covered_display": "0"}, "missing_lines": [198, 199, 200, 201, 202, 203, 205, 206, 208, 209, 211], "excluded_lines": [], "start_line": 196}, "": {"executed_lines": [7, 10, 66, 110, 146, 196], "summary": {"covered_lines": 6, "num_statements": 6, "percent_covered": 100.0, "percent_covered_display": "100", "missing_lines": 0, "excluded_lines": 0, "percent_statements_covered": 100.0, "percent_statements_covered_display": "100"}, "missing_lines": [], "excluded_lines": [], "start_line": 1}}, "classes": {"": {"executed_lines": [7, 10, 15, 16, 17, 18, 19, 21, 22, 23, 24, 26, 27, 28, 29, 32, 33, 34, 35, 36, 40, 43, 45, 47, 62, 63, 66, 110, 112, 113, 115, 116, 117, 118, 119, 123, 125, 129, 130, 131, 132, 134, 137, 138, 139, 140, 141, 142, 143, 146, 155, 156, 157, 169, 171, 173, 174, 175, 177, 178, 180, 181, 183, 196], "summary": {"covered_lines": 64, "num_statements": 103, "percent_covered": 62.13592233009709, "percent_covered_display": "62", "missing_lines": 39, "excluded_lines": 0, "percent_statements_covered": 62.13592233009709, "percent_statements_covered_display": "62"}, "missing_lines": [37, 38, 68, 69, 70, 72, 73, 75, 76, 77, 79, 80, 82, 84, 86, 87, 88, 89, 90, 93, 95, 97, 98, 99, 104, 105, 124, 135, 198, 199, 200, 201, 202, 203, 205, 206, 208, 209, 211], "excluded_lines": [], "start_line": 1}}}, "llm_detector/similarity.py": {"executed_lines": [11, 12, 13, 14, 15, 16, 17, 18, 19, 22, 23, 24, 25, 26, 29, 30, 31, 32, 35, 46, 47, 48, 53, 66, 68, 69, 70, 71, 72, 73, 74, 75, 76, 77, 78, 79, 82, 84, 86, 87, 92, 106, 107, 108, 109, 112, 113, 114, 116, 117, 118, 119, 120, 122, 124, 126, 127, 131, 132, 133, 134, 137, 138, 139, 153, 155, 156, 157, 158, 159, 161, 162, 164, 168, 170, 171, 174, 175, 176, 177, 180, 181, 182, 183, 184, 185, 187, 188, 189, 190, 191, 193, 194, 196, 202, 203, 205, 208, 209, 212, 213, 216, 224, 225, 226, 234, 236, 243, 244, 260, 261, 264, 265, 280, 281, 286, 299, 300, 301, 303, 304, 306, 308, 309, 310, 311, 314, 319, 320, 321, 322, 324, 325, 326, 328, 329, 330, 331, 333, 334, 335, 337, 342, 343, 344, 352, 354, 355, 356, 358, 363, 368, 369, 370, 371, 372, 373, 376, 377, 378, 380, 391, 392, 393, 395, 398, 400, 401, 403, 404, 405, 406, 407, 408, 409, 412, 415, 421, 422, 423, 425, 427, 428, 429, 430, 433, 434, 436, 438, 439, 442, 443, 446, 448, 449, 451, 463, 464, 469], "summary": {"covered_lines": 199, "num_statements": 263, "percent_covered": 75.66539923954373, "percent_covered_display": "76", "missing_lines": 64, "excluded_lines": 0, "percent_statements_covered": 75.66539923954373, "percent_statements_covered_display": "76"}, "missing_lines": [55, 56, 57, 58, 59, 60, 61, 85, 128, 140, 141, 142, 143, 144, 145, 146, 147, 148, 149, 172, 197, 198, 199, 206, 217, 218, 219, 227, 228, 229, 235, 237, 238, 239, 302, 312, 338, 339, 374, 410, 411, 431, 440, 444, 471, 472, 474, 475, 476, 477, 478, 480, 482, 483, 484, 486, 487, 492, 493, 494, 495, 496, 497, 498], "excluded_lines": [], "functions": {"_word_shingles": {"executed_lines": [23, 24, 25, 26], "summary": {"covered_lines": 4, "num_statements": 4, "percent_covered": 100.0, "percent_covered_display": "100", "missing_lines": 0, "excluded_lines": 0, "percent_statements_covered": 100.0, "percent_statements_covered_display": "100"}, "missing_lines": [], "excluded_lines": [], "start_line": 22}, "_jaccard": {"executed_lines": [30, 31, 32], "summary": {"covered_lines": 3, "num_statements": 3, "percent_covered": 100.0, "percent_covered_display": "100", "missing_lines": 0, "excluded_lines": 0, "percent_statements_covered": 100.0, "percent_statements_covered_display": "100"}, "missing_lines": [], "excluded_lines": [], "start_line": 29}, "_structural_similarity": {"executed_lines": [47, 48], "summary": {"covered_lines": 2, "num_statements": 2, "percent_covered": 100.0, "percent_covered_display": "100", "missing_lines": 0, "excluded_lines": 0, "percent_statements_covered": 100.0, "percent_statements_covered_display": "100"}, "missing_lines": [], "excluded_lines": [], "start_line": 46}, "_semantic_similarity": {"executed_lines": [], "summary": {"covered_lines": 0, "num_statements": 7, "percent_covered": 0.0, "percent_covered_display": "0", "missing_lines": 7, "excluded_lines": 0, "percent_statements_covered": 0.0, "percent_statements_covered_display": "0"}, "missing_lines": [55, 56, 57, 58, 59, 60, 61], "excluded_lines": [], "start_line": 53}, "_shingle_fingerprint": {"executed_lines": [68, 69, 70, 71, 72, 73, 74, 75, 76, 77, 78, 79], "summary": {"covered_lines": 12, "num_statements": 12, "percent_covered": 100.0, "percent_covered_display": "100", "missing_lines": 0, "excluded_lines": 0, "percent_statements_covered": 100.0, "percent_statements_covered_display": "100"}, "missing_lines": [], "excluded_lines": [], "start_line": 66}, "_minhash_similarity": {"executed_lines": [84, 86, 87], "summary": {"covered_lines": 3, "num_statements": 4, "percent_covered": 75.0, "percent_covered_display": "75", "missing_lines": 1, "excluded_lines": 0, "percent_statements_covered": 75.0, "percent_statements_covered_display": "75"}, "missing_lines": [85], "excluded_lines": [], "start_line": 82}, "analyze_similarity": {"executed_lines": [106, 107, 108, 109, 112, 113, 114, 116, 117, 118, 119, 120, 122, 124, 126, 127, 131, 132, 133, 134, 137, 138, 139, 153, 155, 156, 157, 158, 159, 161, 162, 164, 168, 170, 171, 174, 175, 176, 177, 180, 181, 182, 183, 184, 185, 187, 188, 189, 190, 191, 193, 194, 196, 202, 203, 205, 208, 209, 212, 213, 216, 224, 225, 226, 234, 236, 243, 244, 260, 261, 264, 265, 280, 281], "summary": {"covered_lines": 74, "num_statements": 100, "percent_covered": 74.0, "percent_covered_display": "74", "missing_lines": 26, "excluded_lines": 0, "percent_statements_covered": 74.0, "percent_statements_covered_display": "74"}, "missing_lines": [128, 140, 141, 142, 143, 144, 145, 146, 147, 148, 149, 172, 197, 198, 199, 206, 217, 218, 219, 227, 228, 229, 235, 237, 238, 239], "excluded_lines": [], "start_line": 92}, "apply_similarity_adjustments": {"executed_lines": [299, 300, 301, 303, 304, 306, 308, 309, 310, 311, 314, 319, 320, 321, 322, 324, 325, 326, 328, 329, 330, 331, 333, 334, 335, 337, 342, 343, 344, 352, 354, 355, 356, 358], "summary": {"covered_lines": 34, "num_statements": 38, "percent_covered": 89.47368421052632, "percent_covered_display": "89", "missing_lines": 4, "excluded_lines": 0, "percent_statements_covered": 89.47368421052632, "percent_statements_covered_display": "89"}, "missing_lines": [302, 312, 338, 339], "excluded_lines": [], "start_line": 286}, "save_similarity_store": {"executed_lines": [368, 369, 370, 371, 372, 373, 376, 377, 378, 380, 391, 392, 393, 395], "summary": {"covered_lines": 14, "num_statements": 15, "percent_covered": 93.33333333333333, "percent_covered_display": "93", "missing_lines": 1, "excluded_lines": 0, "percent_statements_covered": 93.33333333333333, "percent_statements_covered_display": "93"}, "missing_lines": [374], "excluded_lines": [], "start_line": 363}, "load_similarity_store": {"executed_lines": [400, 401, 403, 404, 405, 406, 407, 408, 409, 412], "summary": {"covered_lines": 10, "num_statements": 12, "percent_covered": 83.33333333333333, "percent_covered_display": "83", "missing_lines": 2, "excluded_lines": 0, "percent_statements_covered": 83.33333333333333, "percent_statements_covered_display": "83"}, "missing_lines": [410, 411], "excluded_lines": [], "start_line": 398}, "cross_batch_similarity": {"executed_lines": [421, 422, 423, 425, 427, 428, 429, 430, 433, 434, 436, 438, 439, 442, 443, 446, 448, 449, 451, 463, 464], "summary": {"covered_lines": 21, "num_statements": 24, "percent_covered": 87.5, "percent_covered_display": "88", "missing_lines": 3, "excluded_lines": 0, "percent_statements_covered": 87.5, "percent_statements_covered_display": "88"}, "missing_lines": [431, 440, 444], "excluded_lines": [], "start_line": 415}, "print_similarity_report": {"executed_lines": [], "summary": {"covered_lines": 0, "num_statements": 20, "percent_covered": 0.0, "percent_covered_display": "0", "missing_lines": 20, "excluded_lines": 0, "percent_statements_covered": 0.0, "percent_statements_covered_display": "0"}, "missing_lines": [471, 472, 474, 475, 476, 477, 478, 480, 482, 483, 484, 486, 487, 492, 493, 494, 495, 496, 497, 498], "excluded_lines": [], "start_line": 469}, "": {"executed_lines": [11, 12, 13, 14, 15, 16, 17, 18, 19, 22, 29, 35, 46, 53, 66, 82, 92, 286, 363, 398, 415, 469], "summary": {"covered_lines": 22, "num_statements": 22, "percent_covered": 100.0, "percent_covered_display": "100", "missing_lines": 0, "excluded_lines": 0, "percent_statements_covered": 100.0, "percent_statements_covered_display": "100"}, "missing_lines": [], "excluded_lines": [], "start_line": 1}}, "classes": {"": {"executed_lines": [11, 12, 13, 14, 15, 16, 17, 18, 19, 22, 23, 24, 25, 26, 29, 30, 31, 32, 35, 46, 47, 48, 53, 66, 68, 69, 70, 71, 72, 73, 74, 75, 76, 77, 78, 79, 82, 84, 86, 87, 92, 106, 107, 108, 109, 112, 113, 114, 116, 117, 118, 119, 120, 122, 124, 126, 127, 131, 132, 133, 134, 137, 138, 139, 153, 155, 156, 157, 158, 159, 161, 162, 164, 168, 170, 171, 174, 175, 176, 177, 180, 181, 182, 183, 184, 185, 187, 188, 189, 190, 191, 193, 194, 196, 202, 203, 205, 208, 209, 212, 213, 216, 224, 225, 226, 234, 236, 243, 244, 260, 261, 264, 265, 280, 281, 286, 299, 300, 301, 303, 304, 306, 308, 309, 310, 311, 314, 319, 320, 321, 322, 324, 325, 326, 328, 329, 330, 331, 333, 334, 335, 337, 342, 343, 344, 352, 354, 355, 356, 358, 363, 368, 369, 370, 371, 372, 373, 376, 377, 378, 380, 391, 392, 393, 395, 398, 400, 401, 403, 404, 405, 406, 407, 408, 409, 412, 415, 421, 422, 423, 425, 427, 428, 429, 430, 433, 434, 436, 438, 439, 442, 443, 446, 448, 449, 451, 463, 464, 469], "summary": {"covered_lines": 199, "num_statements": 263, "percent_covered": 75.66539923954373, "percent_covered_display": "76", "missing_lines": 64, "excluded_lines": 0, "percent_statements_covered": 75.66539923954373, "percent_statements_covered_display": "76"}, "missing_lines": [55, 56, 57, 58, 59, 60, 61, 85, 128, 140, 141, 142, 143, 144, 145, 146, 147, 148, 149, 172, 197, 198, 199, 206, 217, 218, 219, 227, 228, 229, 235, 237, 238, 239, 302, 312, 338, 339, 374, 410, 411, 431, 440, 444, 471, 472, 474, 475, 476, 477, 478, 480, 482, 483, 484, 486, 487, 492, 493, 494, 495, 496, 497, 498], "excluded_lines": [], "start_line": 1}}}, "llm_detector/text_utils.py": {"executed_lines": [3, 4, 7, 19, 21, 23, 26, 28, 33, 34, 37, 42, 47, 48, 49, 50, 51, 52, 54], "summary": {"covered_lines": 19, "num_statements": 27, "percent_covered": 70.37037037037037, "percent_covered_display": "70", "missing_lines": 8, "excluded_lines": 0, "percent_statements_covered": 70.37037037037037, "percent_statements_covered_display": "70"}, "missing_lines": [22, 29, 30, 31, 43, 44, 45, 53], "excluded_lines": [], "functions": {"type_token_ratio": {"executed_lines": [21, 23], "summary": {"covered_lines": 2, "num_statements": 3, "percent_covered": 66.66666666666667, "percent_covered_display": "67", "missing_lines": 1, "excluded_lines": 0, "percent_statements_covered": 66.66666666666667, "percent_statements_covered_display": "67"}, "missing_lines": [22], "excluded_lines": [], "start_line": 19}, "get_sentences": {"executed_lines": [28, 33, 34], "summary": {"covered_lines": 3, "num_statements": 6, "percent_covered": 50.0, "percent_covered_display": "50", "missing_lines": 3, "excluded_lines": 0, "percent_statements_covered": 50.0, "percent_statements_covered_display": "50"}, "missing_lines": [29, 30, 31], "excluded_lines": [], "start_line": 26}, "get_sentence_spans": {"executed_lines": [42, 47, 48, 49, 50, 51, 52, 54], "summary": {"covered_lines": 8, "num_statements": 12, "percent_covered": 66.66666666666667, "percent_covered_display": "67", "missing_lines": 4, "excluded_lines": 0, "percent_statements_covered": 66.66666666666667, "percent_statements_covered_display": "67"}, "missing_lines": [43, 44, 45, 53], "excluded_lines": [], "start_line": 37}, "": {"executed_lines": [3, 4, 7, 19, 26, 37], "summary": {"covered_lines": 6, "num_statements": 6, "percent_covered": 100.0, "percent_covered_display": "100", "missing_lines": 0, "excluded_lines": 0, "percent_statements_covered": 100.0, "percent_statements_covered_display": "100"}, "missing_lines": [], "excluded_lines": [], "start_line": 1}}, "classes": {"": {"executed_lines": [3, 4, 7, 19, 21, 23, 26, 28, 33, 34, 37, 42, 47, 48, 49, 50, 51, 52, 54], "summary": {"covered_lines": 19, "num_statements": 27, "percent_covered": 70.37037037037037, "percent_covered_display": "70", "missing_lines": 8, "excluded_lines": 0, "percent_statements_covered": 70.37037037037037, "percent_statements_covered_display": "70"}, "missing_lines": [22, 29, 30, 31, 43, 44, 45, 53], "excluded_lines": [], "start_line": 1}}}}, "totals": {"covered_lines": 2632, "num_statements": 6829, "percent_covered": 38.54151413091228, "percent_covered_display": "39", "missing_lines": 4197, "excluded_lines": 0, "percent_statements_covered": 38.54151413091228, "percent_statements_covered_display": "39"}}